<?xml version="1.0" encoding="UTF-8"?>
<robot generator="Robot 7.0 (Python 3.14.5 on darwin)" generated="2026-05-20T18:46:48.199898" rpa="false" schemaversion="5">
<suite id="s1" name="Api" source="/Users/analla/Downloads/cloudbees-new/smart-tests/issues-tracker-app/tests/robot/api">
<suite id="s1-s1" name="Auth" source="/Users/analla/Downloads/cloudbees-new/smart-tests/issues-tracker-app/tests/robot/api/auth.robot">
<kw name="Suite Setup For API Tests" owner="setup_teardown" type="SETUP">
<kw name="Create API Session" owner="api_keywords">
<kw name="Create Session" owner="RequestsLibrary">
<arg>api</arg>
<arg>${BASE_URL}</arg>
<arg>verify=True</arg>
<doc>Create Session: create a HTTP session to a server</doc>
<status status="NOT RUN" start="2026-05-20T18:46:48.270247" elapsed="0.000077"/>
</kw>
<doc>Create a session for API requests</doc>
<status status="PASS" start="2026-05-20T18:46:48.269897" elapsed="0.000466"/>
</kw>
<kw name="Log" owner="BuiltIn">
<arg>API session created successfully</arg>
<doc>Logs the given message with the given level.</doc>
<status status="NOT RUN" start="2026-05-20T18:46:48.270410" elapsed="0.000023"/>
</kw>
<doc>Setup for API test suites</doc>
<status status="PASS" start="2026-05-20T18:46:48.269827" elapsed="0.000621"/>
</kw>
<test id="s1-s1-t1" name="Register New User Successfully" line="14">
<kw name="Set Variable" owner="BuiltIn">
<var>${email}</var>
<arg>newuser@example.com</arg>
<doc>Returns the given values which can then be assigned to a variables.</doc>
<status status="NOT RUN" start="2026-05-20T18:46:48.270651" elapsed="0.000017"/>
</kw>
<kw name="Set Variable" owner="BuiltIn">
<var>${username}</var>
<arg>newuser</arg>
<doc>Returns the given values which can then be assigned to a variables.</doc>
<status status="NOT RUN" start="2026-05-20T18:46:48.270707" elapsed="0.000013"/>
</kw>
<kw name="Register User" owner="api_keywords">
<kw name="Create Dictionary" owner="BuiltIn">
<var>${user_data}</var>
<arg>email=${email}</arg>
<arg>username=${username}</arg>
<arg>full_name=${fullname}</arg>
<arg>password=${password}</arg>
<doc>Creates and returns a dictionary based on the given ``items``.</doc>
<status status="NOT RUN" start="2026-05-20T18:46:48.270850" elapsed="0.000023"/>
</kw>
<kw name="POST On Session" owner="RequestsLibrary">
<var>${response}</var>
<arg>api</arg>
<arg>/api/auth/register</arg>
<arg>json=${user_data}</arg>
<arg>expected_status=any</arg>
<doc>Sends a POST request on a previously created HTTP Session.</doc>
<status status="NOT RUN" start="2026-05-20T18:46:48.270908" elapsed="0.000026"/>
</kw>
<return>
<value>${response}</value>
<status status="PASS" start="2026-05-20T18:46:48.270954" elapsed="0.000009"/>
</return>
<var>${response}</var>
<arg>${email}</arg>
<arg>${username}</arg>
<arg>New User</arg>
<arg>password123</arg>
<doc>Register a new user</doc>
<status status="PASS" start="2026-05-20T18:46:48.270779" elapsed="0.000199"/>
</kw>
<kw name="Response Status Should Be" owner="api_keywords">
<kw name="Should Be Equal As Numbers" owner="BuiltIn">
<arg>${response.status_code}</arg>
<arg>${expected_status}</arg>
<doc>Fails if objects are unequal after converting them to real numbers.</doc>
<status status="NOT RUN" start="2026-05-20T18:46:48.271080" elapsed="0.000022"/>
</kw>
<arg>${response}</arg>
<arg>201</arg>
<doc>Verify response status code</doc>
<status status="PASS" start="2026-05-20T18:46:48.271020" elapsed="0.000095"/>
</kw>
<kw name="Response Should Contain Key" owner="api_keywords">
<kw name="Set Variable" owner="BuiltIn">
<var>${json}</var>
<arg>${response.json()}</arg>
<doc>Returns the given values which can then be assigned to a variables.</doc>
<status status="NOT RUN" start="2026-05-20T18:46:48.271214" elapsed="0.000013"/>
</kw>
<kw name="Dictionary Should Contain Key" owner="Collections">
<arg>${json}</arg>
<arg>${key}</arg>
<doc>Fails if ``key`` is not found from ``dictionary``.</doc>
<status status="NOT RUN" start="2026-05-20T18:46:48.271257" elapsed="0.000021"/>
</kw>
<arg>${response}</arg>
<arg>id</arg>
<doc>Verify response JSON contains a key</doc>
<status status="PASS" start="2026-05-20T18:46:48.271154" elapsed="0.000137"/>
</kw>
<kw name="Response Should Contain Key" owner="api_keywords">
<kw name="Set Variable" owner="BuiltIn">
<var>${json}</var>
<arg>${response.json()}</arg>
<doc>Returns the given values which can then be assigned to a variables.</doc>
<status status="NOT RUN" start="2026-05-20T18:46:48.271387" elapsed="0.000013"/>
</kw>
<kw name="Dictionary Should Contain Key" owner="Collections">
<arg>${json}</arg>
<arg>${key}</arg>
<doc>Fails if ``key`` is not found from ``dictionary``.</doc>
<status status="NOT RUN" start="2026-05-20T18:46:48.271432" elapsed="0.000018"/>
</kw>
<arg>${response}</arg>
<arg>email</arg>
<doc>Verify response JSON contains a key</doc>
<status status="PASS" start="2026-05-20T18:46:48.271328" elapsed="0.000136"/>
</kw>
<kw name="Response Should Contain Key" owner="api_keywords">
<kw name="Set Variable" owner="BuiltIn">
<var>${json}</var>
<arg>${response.json()}</arg>
<doc>Returns the given values which can then be assigned to a variables.</doc>
<status status="NOT RUN" start="2026-05-20T18:46:48.271557" elapsed="0.000014"/>
</kw>
<kw name="Dictionary Should Contain Key" owner="Collections">
<arg>${json}</arg>
<arg>${key}</arg>
<doc>Fails if ``key`` is not found from ``dictionary``.</doc>
<status status="NOT RUN" start="2026-05-20T18:46:48.271600" elapsed="0.000018"/>
</kw>
<arg>${response}</arg>
<arg>username</arg>
<doc>Verify response JSON contains a key</doc>
<status status="PASS" start="2026-05-20T18:46:48.271501" elapsed="0.000129"/>
</kw>
<kw name="Response Should Not Contain Key" owner="api_keywords">
<kw name="Set Variable" owner="BuiltIn">
<var>${json}</var>
<arg>${response.json()}</arg>
<doc>Returns the given values which can then be assigned to a variables.</doc>
<status status="NOT RUN" start="2026-05-20T18:46:48.271724" elapsed="0.000014"/>
</kw>
<kw name="Dictionary Should Not Contain Key" owner="Collections">
<arg>${json}</arg>
<arg>${key}</arg>
<doc>Fails if ``key`` is found from ``dictionary``.</doc>
<status status="NOT RUN" start="2026-05-20T18:46:48.271767" elapsed="0.000017"/>
</kw>
<arg>${response}</arg>
<arg>hashed_password</arg>
<doc>Verify response JSON does not contain a key</doc>
<status status="PASS" start="2026-05-20T18:46:48.271667" elapsed="0.000129"/>
</kw>
<kw name="Response Field Should Equal" owner="api_keywords">
<kw name="Set Variable" owner="BuiltIn">
<var>${json}</var>
<arg>${response.json()}</arg>
<doc>Returns the given values which can then be assigned to a variables.</doc>
<status status="NOT RUN" start="2026-05-20T18:46:48.271890" elapsed="0.000014"/>
</kw>
<kw name="Get From Dictionary" owner="Collections">
<var>${actual_value}</var>
<arg>${json}</arg>
<arg>${field}</arg>
<doc>Returns a value from the given ``dictionary`` based on the given ``key``.</doc>
<status status="NOT RUN" start="2026-05-20T18:46:48.271933" elapsed="0.000018"/>
</kw>
<kw name="Should Be Equal As Strings" owner="BuiltIn">
<arg>${actual_value}</arg>
<arg>${expected_value}</arg>
<doc>Fails if objects are unequal after converting them to strings.</doc>
<status status="NOT RUN" start="2026-05-20T18:46:48.271980" elapsed="0.000019"/>
</kw>
<arg>${response}</arg>
<arg>email</arg>
<arg>${email}</arg>
<doc>Verify response field equals expected value</doc>
<status status="PASS" start="2026-05-20T18:46:48.271833" elapsed="0.000178"/>
</kw>
<kw name="Response Field Should Equal" owner="api_keywords">
<kw name="Set Variable" owner="BuiltIn">
<var>${json}</var>
<arg>${response.json()}</arg>
<doc>Returns the given values which can then be assigned to a variables.</doc>
<status status="NOT RUN" start="2026-05-20T18:46:48.272106" elapsed="0.000012"/>
</kw>
<kw name="Get From Dictionary" owner="Collections">
<var>${actual_value}</var>
<arg>${json}</arg>
<arg>${field}</arg>
<doc>Returns a value from the given ``dictionary`` based on the given ``key``.</doc>
<status status="NOT RUN" start="2026-05-20T18:46:48.272148" elapsed="0.000018"/>
</kw>
<kw name="Should Be Equal As Strings" owner="BuiltIn">
<arg>${actual_value}</arg>
<arg>${expected_value}</arg>
<doc>Fails if objects are unequal after converting them to strings.</doc>
<status status="NOT RUN" start="2026-05-20T18:46:48.272195" elapsed="0.000017"/>
</kw>
<arg>${response}</arg>
<arg>username</arg>
<arg>${username}</arg>
<doc>Verify response field equals expected value</doc>
<status status="PASS" start="2026-05-20T18:46:48.272050" elapsed="0.000183"/>
</kw>
<doc>Test successful user registration with valid data</doc>
<tag>auth</tag>
<tag>register</tag>
<tag>smoke</tag>
<status status="PASS" start="2026-05-20T18:46:48.270476" elapsed="0.001791"/>
</test>
<test id="s1-s1-t2" name="Register With Duplicate Email Should Fail" line="29">
<kw name="Set Variable" owner="BuiltIn">
<var>${email}</var>
<arg>duplicate@example.com</arg>
<doc>Returns the given values which can then be assigned to a variables.</doc>
<status status="NOT RUN" start="2026-05-20T18:46:48.272450" elapsed="0.000014"/>
</kw>
<kw name="Register User" owner="api_keywords">
<kw name="Create Dictionary" owner="BuiltIn">
<var>${user_data}</var>
<arg>email=${email}</arg>
<arg>username=${username}</arg>
<arg>full_name=${fullname}</arg>
<arg>password=${password}</arg>
<doc>Creates and returns a dictionary based on the given ``items``.</doc>
<status status="NOT RUN" start="2026-05-20T18:46:48.272574" elapsed="0.000021"/>
</kw>
<kw name="POST On Session" owner="RequestsLibrary">
<var>${response}</var>
<arg>api</arg>
<arg>/api/auth/register</arg>
<arg>json=${user_data}</arg>
<arg>expected_status=any</arg>
<doc>Sends a POST request on a previously created HTTP Session.</doc>
<status status="NOT RUN" start="2026-05-20T18:46:48.272627" elapsed="0.000023"/>
</kw>
<return>
<value>${response}</value>
<status status="PASS" start="2026-05-20T18:46:48.272667" elapsed="0.000006"/>
</return>
<var>${response1}</var>
<arg>${email}</arg>
<arg>user1</arg>
<arg>User One</arg>
<arg>password123</arg>
<doc>Register a new user</doc>
<status status="PASS" start="2026-05-20T18:46:48.272510" elapsed="0.000175"/>
</kw>
<kw name="Response Status Should Be" owner="api_keywords">
<kw name="Should Be Equal As Numbers" owner="BuiltIn">
<arg>${response.status_code}</arg>
<arg>${expected_status}</arg>
<doc>Fails if objects are unequal after converting them to real numbers.</doc>
<status status="NOT RUN" start="2026-05-20T18:46:48.272778" elapsed="0.000021"/>
</kw>
<arg>${response1}</arg>
<arg>201</arg>
<doc>Verify response status code</doc>
<status status="PASS" start="2026-05-20T18:46:48.272723" elapsed="0.000089"/>
</kw>
<kw name="Register User" owner="api_keywords">
<kw name="Create Dictionary" owner="BuiltIn">
<var>${user_data}</var>
<arg>email=${email}</arg>
<arg>username=${username}</arg>
<arg>full_name=${fullname}</arg>
<arg>password=${password}</arg>
<doc>Creates and returns a dictionary based on the given ``items``.</doc>
<status status="NOT RUN" start="2026-05-20T18:46:48.272911" elapsed="0.000018"/>
</kw>
<kw name="POST On Session" owner="RequestsLibrary">
<var>${response}</var>
<arg>api</arg>
<arg>/api/auth/register</arg>
<arg>json=${user_data}</arg>
<arg>expected_status=any</arg>
<doc>Sends a POST request on a previously created HTTP Session.</doc>
<status status="NOT RUN" start="2026-05-20T18:46:48.272961" elapsed="0.000022"/>
</kw>
<return>
<value>${response}</value>
<status status="PASS" start="2026-05-20T18:46:48.272997" elapsed="0.000004"/>
</return>
<var>${response2}</var>
<arg>${email}</arg>
<arg>user2</arg>
<arg>User Two</arg>
<arg>password123</arg>
<doc>Register a new user</doc>
<status status="PASS" start="2026-05-20T18:46:48.272852" elapsed="0.000159"/>
</kw>
<kw name="Response Status Should Be" owner="api_keywords">
<kw name="Should Be Equal As Numbers" owner="BuiltIn">
<arg>${response.status_code}</arg>
<arg>${expected_status}</arg>
<doc>Fails if objects are unequal after converting them to real numbers.</doc>
<status status="NOT RUN" start="2026-05-20T18:46:48.273103" elapsed="0.000020"/>
</kw>
<arg>${response2}</arg>
<arg>400</arg>
<doc>Verify response status code</doc>
<status status="PASS" start="2026-05-20T18:46:48.273047" elapsed="0.000089"/>
</kw>
<kw name="Should Contain" owner="BuiltIn">
<arg>${response2.json()['detail']}</arg>
<arg>email</arg>
<doc>Fails if ``container`` does not contain ``item`` one or more times.</doc>
<status status="NOT RUN" start="2026-05-20T18:46:48.273164" elapsed="0.000019"/>
</kw>
<doc>Test that registration fails when email already exists</doc>
<tag>auth</tag>
<tag>register</tag>
<tag>validation</tag>
<status status="PASS" start="2026-05-20T18:46:48.272333" elapsed="0.000879"/>
</test>
<test id="s1-s1-t3" name="Register With Duplicate Username Should Fail" line="42">
<kw name="Set Variable" owner="BuiltIn">
<var>${username}</var>
<arg>duplicateuser</arg>
<doc>Returns the given values which can then be assigned to a variables.</doc>
<status status="NOT RUN" start="2026-05-20T18:46:48.273374" elapsed="0.000014"/>
</kw>
<kw name="Register User" owner="api_keywords">
<kw name="Create Dictionary" owner="BuiltIn">
<var>${user_data}</var>
<arg>email=${email}</arg>
<arg>username=${username}</arg>
<arg>full_name=${fullname}</arg>
<arg>password=${password}</arg>
<doc>Creates and returns a dictionary based on the given ``items``.</doc>
<status status="NOT RUN" start="2026-05-20T18:46:48.273491" elapsed="0.000018"/>
</kw>
<kw name="POST On Session" owner="RequestsLibrary">
<var>${response}</var>
<arg>api</arg>
<arg>/api/auth/register</arg>
<arg>json=${user_data}</arg>
<arg>expected_status=any</arg>
<doc>Sends a POST request on a previously created HTTP Session.</doc>
<status status="NOT RUN" start="2026-05-20T18:46:48.273542" elapsed="0.000022"/>
</kw>
<return>
<value>${response}</value>
<status status="PASS" start="2026-05-20T18:46:48.273579" elapsed="0.000004"/>
</return>
<var>${response1}</var>
<arg>user1@example.com</arg>
<arg>${username}</arg>
<arg>User One</arg>
<arg>password123</arg>
<doc>Register a new user</doc>
<status status="PASS" start="2026-05-20T18:46:48.273430" elapsed="0.000163"/>
</kw>
<kw name="Response Status Should Be" owner="api_keywords">
<kw name="Should Be Equal As Numbers" owner="BuiltIn">
<arg>${response.status_code}</arg>
<arg>${expected_status}</arg>
<doc>Fails if objects are unequal after converting them to real numbers.</doc>
<status status="NOT RUN" start="2026-05-20T18:46:48.273687" elapsed="0.000020"/>
</kw>
<arg>${response1}</arg>
<arg>201</arg>
<doc>Verify response status code</doc>
<status status="PASS" start="2026-05-20T18:46:48.273628" elapsed="0.000092"/>
</kw>
<kw name="Register User" owner="api_keywords">
<kw name="Create Dictionary" owner="BuiltIn">
<var>${user_data}</var>
<arg>email=${email}</arg>
<arg>username=${username}</arg>
<arg>full_name=${fullname}</arg>
<arg>password=${password}</arg>
<doc>Creates and returns a dictionary based on the given ``items``.</doc>
<status status="NOT RUN" start="2026-05-20T18:46:48.273820" elapsed="0.000018"/>
</kw>
<kw name="POST On Session" owner="RequestsLibrary">
<var>${response}</var>
<arg>api</arg>
<arg>/api/auth/register</arg>
<arg>json=${user_data}</arg>
<arg>expected_status=any</arg>
<doc>Sends a POST request on a previously created HTTP Session.</doc>
<status status="NOT RUN" start="2026-05-20T18:46:48.273871" elapsed="0.000022"/>
</kw>
<return>
<value>${response}</value>
<status status="PASS" start="2026-05-20T18:46:48.273909" elapsed="0.000004"/>
</return>
<var>${response2}</var>
<arg>user2@example.com</arg>
<arg>${username}</arg>
<arg>User Two</arg>
<arg>password123</arg>
<doc>Register a new user</doc>
<status status="PASS" start="2026-05-20T18:46:48.273760" elapsed="0.000163"/>
</kw>
<kw name="Response Status Should Be" owner="api_keywords">
<kw name="Should Be Equal As Numbers" owner="BuiltIn">
<arg>${response.status_code}</arg>
<arg>${expected_status}</arg>
<doc>Fails if objects are unequal after converting them to real numbers.</doc>
<status status="NOT RUN" start="2026-05-20T18:46:48.274015" elapsed="0.000020"/>
</kw>
<arg>${response2}</arg>
<arg>400</arg>
<doc>Verify response status code</doc>
<status status="PASS" start="2026-05-20T18:46:48.273959" elapsed="0.000090"/>
</kw>
<kw name="Should Contain" owner="BuiltIn">
<arg>${response2.json()['detail']}</arg>
<arg>username</arg>
<doc>Fails if ``container`` does not contain ``item`` one or more times.</doc>
<status status="NOT RUN" start="2026-05-20T18:46:48.274076" elapsed="0.000019"/>
</kw>
<doc>Test that registration fails when username already exists</doc>
<tag>auth</tag>
<tag>register</tag>
<tag>validation</tag>
<status status="PASS" start="2026-05-20T18:46:48.273265" elapsed="0.000866"/>
</test>
<test id="s1-s1-t4" name="Register With Invalid Email Should Fail" line="55">
<kw name="Register User" owner="api_keywords">
<kw name="Create Dictionary" owner="BuiltIn">
<var>${user_data}</var>
<arg>email=${email}</arg>
<arg>username=${username}</arg>
<arg>full_name=${fullname}</arg>
<arg>password=${password}</arg>
<doc>Creates and returns a dictionary based on the given ``items``.</doc>
<status status="NOT RUN" start="2026-05-20T18:46:48.274355" elapsed="0.000019"/>
</kw>
<kw name="POST On Session" owner="RequestsLibrary">
<var>${response}</var>
<arg>api</arg>
<arg>/api/auth/register</arg>
<arg>json=${user_data}</arg>
<arg>expected_status=any</arg>
<doc>Sends a POST request on a previously created HTTP Session.</doc>
<status status="NOT RUN" start="2026-05-20T18:46:48.274405" elapsed="0.000022"/>
</kw>
<return>
<value>${response}</value>
<status status="PASS" start="2026-05-20T18:46:48.274441" elapsed="0.000004"/>
</return>
<var>${response}</var>
<arg>notanemail</arg>
<arg>testuser</arg>
<arg>Test User</arg>
<arg>password123</arg>
<doc>Register a new user</doc>
<status status="PASS" start="2026-05-20T18:46:48.274295" elapsed="0.000160"/>
</kw>
<kw name="Response Status Should Be" owner="api_keywords">
<kw name="Should Be Equal As Numbers" owner="BuiltIn">
<arg>${response.status_code}</arg>
<arg>${expected_status}</arg>
<doc>Fails if objects are unequal after converting them to real numbers.</doc>
<status status="NOT RUN" start="2026-05-20T18:46:48.274553" elapsed="0.000021"/>
</kw>
<arg>${response}</arg>
<arg>422</arg>
<doc>Verify response status code</doc>
<status status="PASS" start="2026-05-20T18:46:48.274498" elapsed="0.000089"/>
</kw>
<doc>Test that registration fails with invalid email format</doc>
<tag>auth</tag>
<tag>register</tag>
<tag>validation</tag>
<status status="PASS" start="2026-05-20T18:46:48.274180" elapsed="0.000431"/>
</test>
<test id="s1-s1-t5" name="Register With Short Password Should Fail" line="61">
<kw name="Register User" owner="api_keywords">
<kw name="Create Dictionary" owner="BuiltIn">
<var>${user_data}</var>
<arg>email=${email}</arg>
<arg>username=${username}</arg>
<arg>full_name=${fullname}</arg>
<arg>password=${password}</arg>
<doc>Creates and returns a dictionary based on the given ``items``.</doc>
<status status="NOT RUN" start="2026-05-20T18:46:48.274829" elapsed="0.000018"/>
</kw>
<kw name="POST On Session" owner="RequestsLibrary">
<var>${response}</var>
<arg>api</arg>
<arg>/api/auth/register</arg>
<arg>json=${user_data}</arg>
<arg>expected_status=any</arg>
<doc>Sends a POST request on a previously created HTTP Session.</doc>
<status status="NOT RUN" start="2026-05-20T18:46:48.274879" elapsed="0.000021"/>
</kw>
<return>
<value>${response}</value>
<status status="PASS" start="2026-05-20T18:46:48.274915" elapsed="0.000003"/>
</return>
<var>${response}</var>
<arg>test@example.com</arg>
<arg>testuser</arg>
<arg>Test User</arg>
<arg>123</arg>
<doc>Register a new user</doc>
<status status="PASS" start="2026-05-20T18:46:48.274772" elapsed="0.000156"/>
</kw>
<kw name="Response Status Should Be" owner="api_keywords">
<kw name="Should Be Equal As Numbers" owner="BuiltIn">
<arg>${response.status_code}</arg>
<arg>${expected_status}</arg>
<doc>Fails if objects are unequal after converting them to real numbers.</doc>
<status status="NOT RUN" start="2026-05-20T18:46:48.275018" elapsed="0.000020"/>
</kw>
<arg>${response}</arg>
<arg>422</arg>
<doc>Verify response status code</doc>
<status status="PASS" start="2026-05-20T18:46:48.274965" elapsed="0.000086"/>
</kw>
<doc>Test that registration fails with password too short</doc>
<tag>auth</tag>
<tag>register</tag>
<tag>validation</tag>
<status status="PASS" start="2026-05-20T18:46:48.274658" elapsed="0.000417"/>
</test>
<test id="s1-s1-t6" name="Login With Valid Credentials" line="67">
<kw name="Set Variable" owner="BuiltIn">
<var>${username}</var>
<arg>loginuser</arg>
<doc>Returns the given values which can then be assigned to a variables.</doc>
<status status="NOT RUN" start="2026-05-20T18:46:48.275221" elapsed="0.000014"/>
</kw>
<kw name="Set Variable" owner="BuiltIn">
<var>${password}</var>
<arg>password123</arg>
<doc>Returns the given values which can then be assigned to a variables.</doc>
<status status="NOT RUN" start="2026-05-20T18:46:48.275267" elapsed="0.000012"/>
</kw>
<kw name="Register User" owner="api_keywords">
<kw name="Create Dictionary" owner="BuiltIn">
<var>${user_data}</var>
<arg>email=${email}</arg>
<arg>username=${username}</arg>
<arg>full_name=${fullname}</arg>
<arg>password=${password}</arg>
<doc>Creates and returns a dictionary based on the given ``items``.</doc>
<status status="NOT RUN" start="2026-05-20T18:46:48.275375" elapsed="0.000018"/>
</kw>
<kw name="POST On Session" owner="RequestsLibrary">
<var>${response}</var>
<arg>api</arg>
<arg>/api/auth/register</arg>
<arg>json=${user_data}</arg>
<arg>expected_status=any</arg>
<doc>Sends a POST request on a previously created HTTP Session.</doc>
<status status="NOT RUN" start="2026-05-20T18:46:48.275424" elapsed="0.000020"/>
</kw>
<return>
<value>${response}</value>
<status status="PASS" start="2026-05-20T18:46:48.275459" elapsed="0.000004"/>
</return>
<arg>login@example.com</arg>
<arg>${username}</arg>
<arg>Login User</arg>
<arg>${password}</arg>
<doc>Register a new user</doc>
<status status="PASS" start="2026-05-20T18:46:48.275318" elapsed="0.000154"/>
</kw>
<kw name="Login User" owner="api_keywords">
<kw name="Create Dictionary" owner="BuiltIn">
<var>${credentials}</var>
<arg>username=${username}</arg>
<arg>password=${password}</arg>
<doc>Creates and returns a dictionary based on the given ``items``.</doc>
<status status="NOT RUN" start="2026-05-20T18:46:48.275571" elapsed="0.000018"/>
</kw>
<kw name="POST On Session" owner="RequestsLibrary">
<var>${response}</var>
<arg>api</arg>
<arg>/api/auth/login</arg>
<arg>json=${credentials}</arg>
<arg>expected_status=any</arg>
<doc>Sends a POST request on a previously created HTTP Session.</doc>
<status status="NOT RUN" start="2026-05-20T18:46:48.275619" elapsed="0.000021"/>
</kw>
<return>
<value>${response}</value>
<status status="PASS" start="2026-05-20T18:46:48.275655" elapsed="0.000004"/>
</return>
<var>${response}</var>
<arg>${username}</arg>
<arg>${password}</arg>
<doc>Login and return the response</doc>
<status status="PASS" start="2026-05-20T18:46:48.275513" elapsed="0.000156"/>
</kw>
<kw name="Response Status Should Be" owner="api_keywords">
<kw name="Should Be Equal As Numbers" owner="BuiltIn">
<arg>${response.status_code}</arg>
<arg>${expected_status}</arg>
<doc>Fails if objects are unequal after converting them to real numbers.</doc>
<status status="NOT RUN" start="2026-05-20T18:46:48.275758" elapsed="0.000020"/>
</kw>
<arg>${response}</arg>
<arg>200</arg>
<doc>Verify response status code</doc>
<status status="PASS" start="2026-05-20T18:46:48.275704" elapsed="0.000087"/>
</kw>
<kw name="Response Should Contain Key" owner="api_keywords">
<kw name="Set Variable" owner="BuiltIn">
<var>${json}</var>
<arg>${response.json()}</arg>
<doc>Returns the given values which can then be assigned to a variables.</doc>
<status status="NOT RUN" start="2026-05-20T18:46:48.275880" elapsed="0.000013"/>
</kw>
<kw name="Dictionary Should Contain Key" owner="Collections">
<arg>${json}</arg>
<arg>${key}</arg>
<doc>Fails if ``key`` is not found from ``dictionary``.</doc>
<status status="NOT RUN" start="2026-05-20T18:46:48.275922" elapsed="0.000019"/>
</kw>
<arg>${response}</arg>
<arg>access_token</arg>
<doc>Verify response JSON contains a key</doc>
<status status="PASS" start="2026-05-20T18:46:48.275826" elapsed="0.000127"/>
</kw>
<kw name="Response Should Contain Key" owner="api_keywords">
<kw name="Set Variable" owner="BuiltIn">
<var>${json}</var>
<arg>${response.json()}</arg>
<doc>Returns the given values which can then be assigned to a variables.</doc>
<status status="NOT RUN" start="2026-05-20T18:46:48.276044" elapsed="0.000012"/>
</kw>
<kw name="Dictionary Should Contain Key" owner="Collections">
<arg>${json}</arg>
<arg>${key}</arg>
<doc>Fails if ``key`` is not found from ``dictionary``.</doc>
<status status="NOT RUN" start="2026-05-20T18:46:48.276093" elapsed="0.000019"/>
</kw>
<arg>${response}</arg>
<arg>token_type</arg>
<doc>Verify response JSON contains a key</doc>
<status status="PASS" start="2026-05-20T18:46:48.275987" elapsed="0.000138"/>
</kw>
<kw name="Response Field Should Equal" owner="api_keywords">
<kw name="Set Variable" owner="BuiltIn">
<var>${json}</var>
<arg>${response.json()}</arg>
<doc>Returns the given values which can then be assigned to a variables.</doc>
<status status="NOT RUN" start="2026-05-20T18:46:48.276218" elapsed="0.000012"/>
</kw>
<kw name="Get From Dictionary" owner="Collections">
<var>${actual_value}</var>
<arg>${json}</arg>
<arg>${field}</arg>
<doc>Returns a value from the given ``dictionary`` based on the given ``key``.</doc>
<status status="NOT RUN" start="2026-05-20T18:46:48.276260" elapsed="0.000018"/>
</kw>
<kw name="Should Be Equal As Strings" owner="BuiltIn">
<arg>${actual_value}</arg>
<arg>${expected_value}</arg>
<doc>Fails if objects are unequal after converting them to strings.</doc>
<status status="NOT RUN" start="2026-05-20T18:46:48.276307" elapsed="0.000018"/>
</kw>
<arg>${response}</arg>
<arg>token_type</arg>
<arg>bearer</arg>
<doc>Verify response field equals expected value</doc>
<status status="PASS" start="2026-05-20T18:46:48.276162" elapsed="0.000174"/>
</kw>
<doc>Test successful login with correct username and password</doc>
<tag>auth</tag>
<tag>login</tag>
<tag>smoke</tag>
<status status="PASS" start="2026-05-20T18:46:48.275119" elapsed="0.001244"/>
</test>
<test id="s1-s1-t7" name="Login With Invalid Username Should Fail" line="82">
<kw name="Login User" owner="api_keywords">
<kw name="Create Dictionary" owner="BuiltIn">
<var>${credentials}</var>
<arg>username=${username}</arg>
<arg>password=${password}</arg>
<doc>Creates and returns a dictionary based on the given ``items``.</doc>
<status status="NOT RUN" start="2026-05-20T18:46:48.276584" elapsed="0.000017"/>
</kw>
<kw name="POST On Session" owner="RequestsLibrary">
<var>${response}</var>
<arg>api</arg>
<arg>/api/auth/login</arg>
<arg>json=${credentials}</arg>
<arg>expected_status=any</arg>
<doc>Sends a POST request on a previously created HTTP Session.</doc>
<status status="NOT RUN" start="2026-05-20T18:46:48.276632" elapsed="0.000022"/>
</kw>
<return>
<value>${response}</value>
<status status="PASS" start="2026-05-20T18:46:48.276669" elapsed="0.000004"/>
</return>
<var>${response}</var>
<arg>nonexistentuser</arg>
<arg>password123</arg>
<doc>Login and return the response</doc>
<status status="PASS" start="2026-05-20T18:46:48.276525" elapsed="0.000157"/>
</kw>
<kw name="Response Status Should Be" owner="api_keywords">
<kw name="Should Be Equal As Numbers" owner="BuiltIn">
<arg>${response.status_code}</arg>
<arg>${expected_status}</arg>
<doc>Fails if objects are unequal after converting them to real numbers.</doc>
<status status="NOT RUN" start="2026-05-20T18:46:48.276771" elapsed="0.000019"/>
</kw>
<arg>${response}</arg>
<arg>401</arg>
<doc>Verify response status code</doc>
<status status="PASS" start="2026-05-20T18:46:48.276717" elapsed="0.000086"/>
</kw>
<doc>Test that login fails with non-existent username</doc>
<tag>auth</tag>
<tag>login</tag>
<tag>validation</tag>
<status status="PASS" start="2026-05-20T18:46:48.276408" elapsed="0.000420"/>
</test>
<test id="s1-s1-t8" name="Login With Invalid Password Should Fail" line="88">
<kw name="Set Variable" owner="BuiltIn">
<var>${username}</var>
<arg>wrongpassuser</arg>
<doc>Returns the given values which can then be assigned to a variables.</doc>
<status status="NOT RUN" start="2026-05-20T18:46:48.276972" elapsed="0.000014"/>
</kw>
<kw name="Register User" owner="api_keywords">
<kw name="Create Dictionary" owner="BuiltIn">
<var>${user_data}</var>
<arg>email=${email}</arg>
<arg>username=${username}</arg>
<arg>full_name=${fullname}</arg>
<arg>password=${password}</arg>
<doc>Creates and returns a dictionary based on the given ``items``.</doc>
<status status="NOT RUN" start="2026-05-20T18:46:48.277085" elapsed="0.000018"/>
</kw>
<kw name="POST On Session" owner="RequestsLibrary">
<var>${response}</var>
<arg>api</arg>
<arg>/api/auth/register</arg>
<arg>json=${user_data}</arg>
<arg>expected_status=any</arg>
<doc>Sends a POST request on a previously created HTTP Session.</doc>
<status status="NOT RUN" start="2026-05-20T18:46:48.277134" elapsed="0.000020"/>
</kw>
<return>
<value>${response}</value>
<status status="PASS" start="2026-05-20T18:46:48.277169" elapsed="0.000004"/>
</return>
<arg>wrongpass@example.com</arg>
<arg>${username}</arg>
<arg>Wrong Pass User</arg>
<arg>correctpass123</arg>
<doc>Register a new user</doc>
<status status="PASS" start="2026-05-20T18:46:48.277027" elapsed="0.000155"/>
</kw>
<kw name="Login User" owner="api_keywords">
<kw name="Create Dictionary" owner="BuiltIn">
<var>${credentials}</var>
<arg>username=${username}</arg>
<arg>password=${password}</arg>
<doc>Creates and returns a dictionary based on the given ``items``.</doc>
<status status="NOT RUN" start="2026-05-20T18:46:48.277363" elapsed="0.000036"/>
</kw>
<kw name="POST On Session" owner="RequestsLibrary">
<var>${response}</var>
<arg>api</arg>
<arg>/api/auth/login</arg>
<arg>json=${credentials}</arg>
<arg>expected_status=any</arg>
<doc>Sends a POST request on a previously created HTTP Session.</doc>
<status status="NOT RUN" start="2026-05-20T18:46:48.277451" elapsed="0.000031"/>
</kw>
<return>
<value>${response}</value>
<status status="PASS" start="2026-05-20T18:46:48.277501" elapsed="0.000006"/>
</return>
<var>${response}</var>
<arg>${username}</arg>
<arg>wrongpassword</arg>
<doc>Login and return the response</doc>
<status status="PASS" start="2026-05-20T18:46:48.277275" elapsed="0.000245"/>
</kw>
<kw name="Response Status Should Be" owner="api_keywords">
<kw name="Should Be Equal As Numbers" owner="BuiltIn">
<arg>${response.status_code}</arg>
<arg>${expected_status}</arg>
<doc>Fails if objects are unequal after converting them to real numbers.</doc>
<status status="NOT RUN" start="2026-05-20T18:46:48.277635" elapsed="0.000025"/>
</kw>
<arg>${response}</arg>
<arg>401</arg>
<doc>Verify response status code</doc>
<status status="PASS" start="2026-05-20T18:46:48.277567" elapsed="0.000108"/>
</kw>
<doc>Test that login fails with incorrect password</doc>
<tag>auth</tag>
<tag>login</tag>
<tag>validation</tag>
<status status="PASS" start="2026-05-20T18:46:48.276872" elapsed="0.000832"/>
</test>
<test id="s1-s1-t9" name="Access Protected Endpoint Without Token" line="99">
<kw name="GET On Session" owner="RequestsLibrary">
<var>${response}</var>
<arg>api</arg>
<arg>/api/users/me</arg>
<arg>expected_status=401</arg>
<doc>Sends a GET request on a previously created HTTP Session.</doc>
<status status="NOT RUN" start="2026-05-20T18:46:48.277879" elapsed="0.000019"/>
</kw>
<doc>Test that protected endpoints require authentication</doc>
<tag>auth</tag>
<tag>authorization</tag>
<status status="PASS" start="2026-05-20T18:46:48.277764" elapsed="0.000164"/>
</test>
<test id="s1-s1-t10" name="Access Protected Endpoint With Valid Token" line="104">
<kw name="Set Variable" owner="BuiltIn">
<var>${username}</var>
<arg>tokenuser</arg>
<doc>Returns the given values which can then be assigned to a variables.</doc>
<status status="NOT RUN" start="2026-05-20T18:46:48.278089" elapsed="0.000016"/>
</kw>
<kw name="Set Variable" owner="BuiltIn">
<var>${password}</var>
<arg>password123</arg>
<doc>Returns the given values which can then be assigned to a variables.</doc>
<status status="NOT RUN" start="2026-05-20T18:46:48.278138" elapsed="0.000013"/>
</kw>
<kw name="Register User" owner="api_keywords">
<kw name="Create Dictionary" owner="BuiltIn">
<var>${user_data}</var>
<arg>email=${email}</arg>
<arg>username=${username}</arg>
<arg>full_name=${fullname}</arg>
<arg>password=${password}</arg>
<doc>Creates and returns a dictionary based on the given ``items``.</doc>
<status status="NOT RUN" start="2026-05-20T18:46:48.278259" elapsed="0.000019"/>
</kw>
<kw name="POST On Session" owner="RequestsLibrary">
<var>${response}</var>
<arg>api</arg>
<arg>/api/auth/register</arg>
<arg>json=${user_data}</arg>
<arg>expected_status=any</arg>
<doc>Sends a POST request on a previously created HTTP Session.</doc>
<status status="NOT RUN" start="2026-05-20T18:46:48.278323" elapsed="0.000022"/>
</kw>
<return>
<value>${response}</value>
<status status="PASS" start="2026-05-20T18:46:48.278362" elapsed="0.000004"/>
</return>
<arg>token@example.com</arg>
<arg>${username}</arg>
<arg>Token User</arg>
<arg>${password}</arg>
<doc>Register a new user</doc>
<status status="PASS" start="2026-05-20T18:46:48.278196" elapsed="0.000180"/>
</kw>
<kw name="Get Auth Token" owner="api_keywords">
<kw name="Login User" owner="api_keywords">
<kw name="Create Dictionary" owner="BuiltIn">
<var>${credentials}</var>
<arg>username=${username}</arg>
<arg>password=${password}</arg>
<doc>Creates and returns a dictionary based on the given ``items``.</doc>
<status status="NOT RUN" start="2026-05-20T18:46:48.280170" elapsed="0.000019"/>
</kw>
<kw name="POST On Session" owner="RequestsLibrary">
<var>${response}</var>
<arg>api</arg>
<arg>/api/auth/login</arg>
<arg>json=${credentials}</arg>
<arg>expected_status=any</arg>
<doc>Sends a POST request on a previously created HTTP Session.</doc>
<status status="NOT RUN" start="2026-05-20T18:46:48.280223" elapsed="0.000023"/>
</kw>
<return>
<value>${response}</value>
<status status="PASS" start="2026-05-20T18:46:48.280262" elapsed="0.000004"/>
</return>
<var>${response}</var>
<arg>${username}</arg>
<arg>${password}</arg>
<doc>Login and return the response</doc>
<status status="PASS" start="2026-05-20T18:46:48.280103" elapsed="0.000174"/>
</kw>
<kw name="Get From Dictionary" owner="Collections">
<var>${token}</var>
<arg>${response.json()}</arg>
<arg>access_token</arg>
<doc>Returns a value from the given ``dictionary`` based on the given ``key``.</doc>
<status status="NOT RUN" start="2026-05-20T18:46:48.280305" elapsed="0.000020"/>
</kw>
<return>
<value>${token}</value>
<status status="PASS" start="2026-05-20T18:46:48.280339" elapsed="0.000003"/>
</return>
<var>${token}</var>
<arg>${username}</arg>
<arg>${password}</arg>
<doc>Login and extract the access token</doc>
<status status="PASS" start="2026-05-20T18:46:48.278425" elapsed="0.001927"/>
</kw>
<kw name="Get Current User" owner="api_keywords">
<kw name="Create Auth Headers" owner="api_keywords">
<kw name="Create Dictionary" owner="BuiltIn">
<var>${headers}</var>
<arg>Authorization=Bearer ${token}</arg>
<arg>Content-Type=application/json</arg>
<doc>Creates and returns a dictionary based on the given ``items``.</doc>
<status status="NOT RUN" start="2026-05-20T18:46:48.280532" elapsed="0.000018"/>
</kw>
<return>
<value>${headers}</value>
<status status="PASS" start="2026-05-20T18:46:48.280565" elapsed="0.000003"/>
</return>
<var>${headers}</var>
<arg>${token}</arg>
<doc>Create authorization headers with Bearer token</doc>
<status status="PASS" start="2026-05-20T18:46:48.280465" elapsed="0.000113"/>
</kw>
<kw name="GET On Session" owner="RequestsLibrary">
<var>${response}</var>
<arg>api</arg>
<arg>/api/users/me</arg>
<arg>headers=${headers}</arg>
<arg>expected_status=any</arg>
<doc>Sends a GET request on a previously created HTTP Session.</doc>
<status status="NOT RUN" start="2026-05-20T18:46:48.280605" elapsed="0.000024"/>
</kw>
<return>
<value>${response}</value>
<status status="PASS" start="2026-05-20T18:46:48.280645" elapsed="0.000003"/>
</return>
<var>${response}</var>
<arg>${token}</arg>
<doc>Get current user details using token</doc>
<status status="PASS" start="2026-05-20T18:46:48.280393" elapsed="0.000265"/>
</kw>
<kw name="Response Status Should Be" owner="api_keywords">
<kw name="Should Be Equal As Numbers" owner="BuiltIn">
<arg>${response.status_code}</arg>
<arg>${expected_status}</arg>
<doc>Fails if objects are unequal after converting them to real numbers.</doc>
<status status="NOT RUN" start="2026-05-20T18:46:48.280755" elapsed="0.000022"/>
</kw>
<arg>${response}</arg>
<arg>200</arg>
<doc>Verify response status code</doc>
<status status="PASS" start="2026-05-20T18:46:48.280697" elapsed="0.000093"/>
</kw>
<kw name="Response Should Contain Key" owner="api_keywords">
<kw name="Set Variable" owner="BuiltIn">
<var>${json}</var>
<arg>${response.json()}</arg>
<doc>Returns the given values which can then be assigned to a variables.</doc>
<status status="NOT RUN" start="2026-05-20T18:46:48.280883" elapsed="0.000013"/>
</kw>
<kw name="Dictionary Should Contain Key" owner="Collections">
<arg>${json}</arg>
<arg>${key}</arg>
<doc>Fails if ``key`` is not found from ``dictionary``.</doc>
<status status="NOT RUN" start="2026-05-20T18:46:48.280926" elapsed="0.000019"/>
</kw>
<arg>${response}</arg>
<arg>username</arg>
<doc>Verify response JSON contains a key</doc>
<status status="PASS" start="2026-05-20T18:46:48.280827" elapsed="0.000131"/>
</kw>
<kw name="Response Should Contain Key" owner="api_keywords">
<kw name="Set Variable" owner="BuiltIn">
<var>${json}</var>
<arg>${response.json()}</arg>
<doc>Returns the given values which can then be assigned to a variables.</doc>
<status status="NOT RUN" start="2026-05-20T18:46:48.281046" elapsed="0.000012"/>
</kw>
<kw name="Dictionary Should Contain Key" owner="Collections">
<arg>${json}</arg>
<arg>${key}</arg>
<doc>Fails if ``key`` is not found from ``dictionary``.</doc>
<status status="NOT RUN" start="2026-05-20T18:46:48.281086" elapsed="0.000018"/>
</kw>
<arg>${response}</arg>
<arg>email</arg>
<doc>Verify response JSON contains a key</doc>
<status status="PASS" start="2026-05-20T18:46:48.280993" elapsed="0.000123"/>
</kw>
<kw name="Response Field Should Equal" owner="api_keywords">
<kw name="Set Variable" owner="BuiltIn">
<var>${json}</var>
<arg>${response.json()}</arg>
<doc>Returns the given values which can then be assigned to a variables.</doc>
<status status="NOT RUN" start="2026-05-20T18:46:48.281208" elapsed="0.000012"/>
</kw>
<kw name="Get From Dictionary" owner="Collections">
<var>${actual_value}</var>
<arg>${json}</arg>
<arg>${field}</arg>
<doc>Returns a value from the given ``dictionary`` based on the given ``key``.</doc>
<status status="NOT RUN" start="2026-05-20T18:46:48.281248" elapsed="0.000019"/>
</kw>
<kw name="Should Be Equal As Strings" owner="BuiltIn">
<arg>${actual_value}</arg>
<arg>${expected_value}</arg>
<doc>Fails if objects are unequal after converting them to strings.</doc>
<status status="NOT RUN" start="2026-05-20T18:46:48.281296" elapsed="0.000018"/>
</kw>
<arg>${response}</arg>
<arg>username</arg>
<arg>${username}</arg>
<doc>Verify response field equals expected value</doc>
<status status="PASS" start="2026-05-20T18:46:48.281154" elapsed="0.000171"/>
</kw>
<doc>Test accessing protected endpoint with valid JWT token</doc>
<tag>auth</tag>
<tag>authorization</tag>
<tag>smoke</tag>
<status status="PASS" start="2026-05-20T18:46:48.277975" elapsed="0.003378"/>
</test>
<test id="s1-s1-t11" name="Access Protected Endpoint With Invalid Token" line="120">
<kw name="Create Dictionary" owner="BuiltIn">
<var>${headers}</var>
<arg>Authorization=Bearer invalidtoken123</arg>
<doc>Creates and returns a dictionary based on the given ``items``.</doc>
<status status="NOT RUN" start="2026-05-20T18:46:48.281509" elapsed="0.000018"/>
</kw>
<kw name="GET On Session" owner="RequestsLibrary">
<var>${response}</var>
<arg>api</arg>
<arg>/api/users/me</arg>
<arg>headers=${headers}</arg>
<arg>expected_status=401</arg>
<doc>Sends a GET request on a previously created HTTP Session.</doc>
<status status="NOT RUN" start="2026-05-20T18:46:48.281558" elapsed="0.000022"/>
</kw>
<doc>Test that invalid tokens are rejected</doc>
<tag>auth</tag>
<tag>authorization</tag>
<status status="PASS" start="2026-05-20T18:46:48.281405" elapsed="0.000205"/>
</test>
<kw name="Suite Teardown For API Tests" owner="setup_teardown" type="TEARDOWN">
<kw name="Delete API Session" owner="api_keywords">
<kw name="Delete All Sessions" owner="RequestsLibrary">
<doc>Removes all the session objects</doc>
<status status="NOT RUN" start="2026-05-20T18:46:48.281867" elapsed="0.000010"/>
</kw>
<doc>Delete the API session</doc>
<status status="PASS" start="2026-05-20T18:46:48.281833" elapsed="0.000063"/>
</kw>
<kw name="Log" owner="BuiltIn">
<arg>API session deleted successfully</arg>
<doc>Logs the given message with the given level.</doc>
<status status="NOT RUN" start="2026-05-20T18:46:48.281923" elapsed="0.000015"/>
</kw>
<doc>Teardown for API test suites</doc>
<status status="PASS" start="2026-05-20T18:46:48.281786" elapsed="0.000164"/>
</kw>
<doc>Authentication API Tests
Tests for user registration, login, and token validation</doc>
<status status="PASS" start="2026-05-20T18:46:48.211502" elapsed="0.070456"/>
</suite>
<suite id="s1-s2" name="Comments" source="/Users/analla/Downloads/cloudbees-new/smart-tests/issues-tracker-app/tests/robot/api/comments.robot">
<kw name="Suite Setup For API Tests" owner="setup_teardown" type="SETUP">
<kw name="Create API Session" owner="api_keywords">
<kw name="Create Session" owner="RequestsLibrary">
<arg>api</arg>
<arg>${BASE_URL}</arg>
<arg>verify=True</arg>
<doc>Create Session: create a HTTP session to a server</doc>
<status status="NOT RUN" start="2026-05-20T18:46:48.283685" elapsed="0.000048"/>
</kw>
<doc>Create a session for API requests</doc>
<status status="PASS" start="2026-05-20T18:46:48.283648" elapsed="0.000101"/>
</kw>
<kw name="Log" owner="BuiltIn">
<arg>API session created successfully</arg>
<doc>Logs the given message with the given level.</doc>
<status status="NOT RUN" start="2026-05-20T18:46:48.283778" elapsed="0.000016"/>
</kw>
<doc>Setup for API test suites</doc>
<status status="PASS" start="2026-05-20T18:46:48.283602" elapsed="0.000202"/>
</kw>
<test id="s1-s2-t1" name="Create Comment Successfully" line="14">
<kw name="Register User" owner="api_keywords">
<kw name="Create Dictionary" owner="BuiltIn">
<var>${user_data}</var>
<arg>email=${email}</arg>
<arg>username=${username}</arg>
<arg>full_name=${fullname}</arg>
<arg>password=${password}</arg>
<doc>Creates and returns a dictionary based on the given ``items``.</doc>
<status status="NOT RUN" start="2026-05-20T18:46:48.284000" elapsed="0.000019"/>
</kw>
<kw name="POST On Session" owner="RequestsLibrary">
<var>${response}</var>
<arg>api</arg>
<arg>/api/auth/register</arg>
<arg>json=${user_data}</arg>
<arg>expected_status=any</arg>
<doc>Sends a POST request on a previously created HTTP Session.</doc>
<status status="NOT RUN" start="2026-05-20T18:46:48.284059" elapsed="0.000023"/>
</kw>
<return>
<value>${response}</value>
<status status="PASS" start="2026-05-20T18:46:48.284097" elapsed="0.000004"/>
</return>
<arg>commentuser@example.com</arg>
<arg>commentuser</arg>
<arg>Comment User</arg>
<arg>password123</arg>
<doc>Register a new user</doc>
<status status="PASS" start="2026-05-20T18:46:48.283940" elapsed="0.000171"/>
</kw>
<kw name="Get Auth Token" owner="api_keywords">
<kw name="Login User" owner="api_keywords">
<kw name="Create Dictionary" owner="BuiltIn">
<var>${credentials}</var>
<arg>username=${username}</arg>
<arg>password=${password}</arg>
<doc>Creates and returns a dictionary based on the given ``items``.</doc>
<status status="NOT RUN" start="2026-05-20T18:46:48.284269" elapsed="0.000017"/>
</kw>
<kw name="POST On Session" owner="RequestsLibrary">
<var>${response}</var>
<arg>api</arg>
<arg>/api/auth/login</arg>
<arg>json=${credentials}</arg>
<arg>expected_status=any</arg>
<doc>Sends a POST request on a previously created HTTP Session.</doc>
<status status="NOT RUN" start="2026-05-20T18:46:48.284316" elapsed="0.000023"/>
</kw>
<return>
<value>${response}</value>
<status status="PASS" start="2026-05-20T18:46:48.284355" elapsed="0.000004"/>
</return>
<var>${response}</var>
<arg>${username}</arg>
<arg>${password}</arg>
<doc>Login and return the response</doc>
<status status="PASS" start="2026-05-20T18:46:48.284216" elapsed="0.000152"/>
</kw>
<kw name="Get From Dictionary" owner="Collections">
<var>${token}</var>
<arg>${response.json()}</arg>
<arg>access_token</arg>
<doc>Returns a value from the given ``dictionary`` based on the given ``key``.</doc>
<status status="NOT RUN" start="2026-05-20T18:46:48.284397" elapsed="0.000018"/>
</kw>
<return>
<value>${token}</value>
<status status="PASS" start="2026-05-20T18:46:48.284427" elapsed="0.000003"/>
</return>
<var>${token}</var>
<arg>commentuser</arg>
<arg>password123</arg>
<doc>Login and extract the access token</doc>
<status status="PASS" start="2026-05-20T18:46:48.284152" elapsed="0.000287"/>
</kw>
<kw name="Create Project" owner="api_keywords">
<kw name="Create Auth Headers" owner="api_keywords">
<kw name="Create Dictionary" owner="BuiltIn">
<var>${headers}</var>
<arg>Authorization=Bearer ${token}</arg>
<arg>Content-Type=application/json</arg>
<doc>Creates and returns a dictionary based on the given ``items``.</doc>
<status status="NOT RUN" start="2026-05-20T18:46:48.284606" elapsed="0.000017"/>
</kw>
<return>
<value>${headers}</value>
<status status="PASS" start="2026-05-20T18:46:48.284638" elapsed="0.000003"/>
</return>
<var>${headers}</var>
<arg>${token}</arg>
<doc>Create authorization headers with Bearer token</doc>
<status status="PASS" start="2026-05-20T18:46:48.284545" elapsed="0.000107"/>
</kw>
<kw name="Create Dictionary" owner="BuiltIn">
<var>${project_data}</var>
<arg>name=${name}</arg>
<arg>key=${key}</arg>
<arg>description=${description}</arg>
<doc>Creates and returns a dictionary based on the given ``items``.</doc>
<status status="NOT RUN" start="2026-05-20T18:46:48.284681" elapsed="0.000017"/>
</kw>
<kw name="POST On Session" owner="RequestsLibrary">
<var>${response}</var>
<arg>api</arg>
<arg>/api/projects</arg>
<arg>json=${project_data}</arg>
<arg>headers=${headers}</arg>
<arg>expected_status=any</arg>
<doc>Sends a POST request on a previously created HTTP Session.</doc>
<status status="NOT RUN" start="2026-05-20T18:46:48.284730" elapsed="0.000032"/>
</kw>
<return>
<value>${response}</value>
<status status="PASS" start="2026-05-20T18:46:48.284778" elapsed="0.000003"/>
</return>
<var>${proj_response}</var>
<arg>Comment Project</arg>
<arg>COMPROJ</arg>
<arg>${TEST_PROJECT_DESC}</arg>
<arg>${token}</arg>
<doc>Create a new project</doc>
<status status="PASS" start="2026-05-20T18:46:48.284480" elapsed="0.000311"/>
</kw>
<kw name="Get From Dictionary" owner="Collections">
<var>${project_id}</var>
<arg>${proj_response.json()}</arg>
<arg>id</arg>
<doc>Returns a value from the given ``dictionary`` based on the given ``key``.</doc>
<status status="NOT RUN" start="2026-05-20T18:46:48.284823" elapsed="0.000019"/>
</kw>
<kw name="Create Issue" owner="api_keywords">
<kw name="Create Auth Headers" owner="api_keywords">
<kw name="Create Dictionary" owner="BuiltIn">
<var>${headers}</var>
<arg>Authorization=Bearer ${token}</arg>
<arg>Content-Type=application/json</arg>
<doc>Creates and returns a dictionary based on the given ``items``.</doc>
<status status="NOT RUN" start="2026-05-20T18:46:48.285011" elapsed="0.000020"/>
</kw>
<return>
<value>${headers}</value>
<status status="PASS" start="2026-05-20T18:46:48.285045" elapsed="0.000004"/>
</return>
<var>${headers}</var>
<arg>${token}</arg>
<doc>Create authorization headers with Bearer token</doc>
<status status="PASS" start="2026-05-20T18:46:48.284959" elapsed="0.000100"/>
</kw>
<kw name="Create Dictionary" owner="BuiltIn">
<var>${issue_data}</var>
<arg>title=${title}</arg>
<arg>project_id=${project_id}</arg>
<arg>status=${status}</arg>
<arg>type=${type}</arg>
<arg>priority=${priority}</arg>
<doc>Creates and returns a dictionary based on the given ``items``.</doc>
<status status="NOT RUN" start="2026-05-20T18:46:48.285088" elapsed="0.000018"/>
</kw>
<kw name="Run Keyword If" owner="BuiltIn">
<kw name="Set To Dictionary" owner="Collections">
<arg>${issue_data}</arg>
<arg>description=${description}</arg>
<doc>Adds the given ``key_value_pairs`` and/or ``items`` to the ``dictionary``.</doc>
<status status="NOT RUN" start="2026-05-20T18:46:48.285179" elapsed="0.000020"/>
</kw>
<arg>'${description}' != '${EMPTY}'</arg>
<arg>Set To Dictionary</arg>
<arg>${issue_data}</arg>
<arg>description=${description}</arg>
<doc>Runs the given keyword with the given arguments, if ``condition`` is true.</doc>
<status status="NOT RUN" start="2026-05-20T18:46:48.285139" elapsed="0.000070"/>
</kw>
<kw name="Run Keyword If" owner="BuiltIn">
<kw name="Set To Dictionary" owner="Collections">
<arg>${issue_data}</arg>
<arg>assignee_id=${assignee_id}</arg>
<doc>Adds the given ``key_value_pairs`` and/or ``items`` to the ``dictionary``.</doc>
<status status="NOT RUN" start="2026-05-20T18:46:48.285290" elapsed="0.000019"/>
</kw>
<arg>${assignee_id} != ${NONE}</arg>
<arg>Set To Dictionary</arg>
<arg>${issue_data}</arg>
<arg>assignee_id=${assignee_id}</arg>
<doc>Runs the given keyword with the given arguments, if ``condition`` is true.</doc>
<status status="NOT RUN" start="2026-05-20T18:46:48.285250" elapsed="0.000070"/>
</kw>
<kw name="POST On Session" owner="RequestsLibrary">
<var>${response}</var>
<arg>api</arg>
<arg>/api/issues</arg>
<arg>json=${issue_data}</arg>
<arg>headers=${headers}</arg>
<arg>expected_status=any</arg>
<doc>Sends a POST request on a previously created HTTP Session.</doc>
<status status="NOT RUN" start="2026-05-20T18:46:48.285354" elapsed="0.000025"/>
</kw>
<return>
<value>${response}</value>
<status status="PASS" start="2026-05-20T18:46:48.285411" elapsed="0.000004"/>
</return>
<var>${issue_response}</var>
<arg>${TEST_ISSUE_TITLE}</arg>
<arg>${project_id}</arg>
<arg>${token}</arg>
<doc>Create a new issue</doc>
<status status="PASS" start="2026-05-20T18:46:48.284891" elapsed="0.000534"/>
</kw>
<kw name="Get From Dictionary" owner="Collections">
<var>${issue_id}</var>
<arg>${issue_response.json()}</arg>
<arg>id</arg>
<doc>Returns a value from the given ``dictionary`` based on the given ``key``.</doc>
<status status="NOT RUN" start="2026-05-20T18:46:48.285455" elapsed="0.000022"/>
</kw>
<kw name="Create Comment" owner="api_keywords">
<kw name="Create Auth Headers" owner="api_keywords">
<kw name="Create Dictionary" owner="BuiltIn">
<var>${headers}</var>
<arg>Authorization=Bearer ${token}</arg>
<arg>Content-Type=application/json</arg>
<doc>Creates and returns a dictionary based on the given ``items``.</doc>
<status status="NOT RUN" start="2026-05-20T18:46:48.285645" elapsed="0.000017"/>
</kw>
<return>
<value>${headers}</value>
<status status="PASS" start="2026-05-20T18:46:48.285677" elapsed="0.000004"/>
</return>
<var>${headers}</var>
<arg>${token}</arg>
<doc>Create authorization headers with Bearer token</doc>
<status status="PASS" start="2026-05-20T18:46:48.285591" elapsed="0.000100"/>
</kw>
<kw name="Create Dictionary" owner="BuiltIn">
<var>${comment_data}</var>
<arg>content=${content}</arg>
<arg>issue_id=${issue_id}</arg>
<doc>Creates and returns a dictionary based on the given ``items``.</doc>
<status status="NOT RUN" start="2026-05-20T18:46:48.285721" elapsed="0.000019"/>
</kw>
<kw name="POST On Session" owner="RequestsLibrary">
<var>${response}</var>
<arg>api</arg>
<arg>/api/comments</arg>
<arg>json=${comment_data}</arg>
<arg>headers=${headers}</arg>
<arg>expected_status=any</arg>
<doc>Sends a POST request on a previously created HTTP Session.</doc>
<status status="NOT RUN" start="2026-05-20T18:46:48.285769" elapsed="0.000026"/>
</kw>
<return>
<value>${response}</value>
<status status="PASS" start="2026-05-20T18:46:48.285811" elapsed="0.000003"/>
</return>
<var>${response}</var>
<arg>${issue_id}</arg>
<arg>${TEST_COMMENT_CONTENT}</arg>
<arg>${token}</arg>
<doc>Create a comment on an issue</doc>
<status status="PASS" start="2026-05-20T18:46:48.285524" elapsed="0.000300"/>
</kw>
<kw name="Response Status Should Be" owner="api_keywords">
<kw name="Should Be Equal As Numbers" owner="BuiltIn">
<arg>${response.status_code}</arg>
<arg>${expected_status}</arg>
<doc>Fails if objects are unequal after converting them to real numbers.</doc>
<status status="NOT RUN" start="2026-05-20T18:46:48.285921" elapsed="0.000020"/>
</kw>
<arg>${response}</arg>
<arg>201</arg>
<doc>Verify response status code</doc>
<status status="PASS" start="2026-05-20T18:46:48.285865" elapsed="0.000092"/>
</kw>
<kw name="Response Should Contain Key" owner="api_keywords">
<kw name="Set Variable" owner="BuiltIn">
<var>${json}</var>
<arg>${response.json()}</arg>
<doc>Returns the given values which can then be assigned to a variables.</doc>
<status status="NOT RUN" start="2026-05-20T18:46:48.286059" elapsed="0.000014"/>
</kw>
<kw name="Dictionary Should Contain Key" owner="Collections">
<arg>${json}</arg>
<arg>${key}</arg>
<doc>Fails if ``key`` is not found from ``dictionary``.</doc>
<status status="NOT RUN" start="2026-05-20T18:46:48.286102" elapsed="0.000018"/>
</kw>
<arg>${response}</arg>
<arg>id</arg>
<doc>Verify response JSON contains a key</doc>
<status status="PASS" start="2026-05-20T18:46:48.285997" elapsed="0.000138"/>
</kw>
<kw name="Response Field Should Equal" owner="api_keywords">
<kw name="Set Variable" owner="BuiltIn">
<var>${json}</var>
<arg>${response.json()}</arg>
<doc>Returns the given values which can then be assigned to a variables.</doc>
<status status="NOT RUN" start="2026-05-20T18:46:48.286229" elapsed="0.000013"/>
</kw>
<kw name="Get From Dictionary" owner="Collections">
<var>${actual_value}</var>
<arg>${json}</arg>
<arg>${field}</arg>
<doc>Returns a value from the given ``dictionary`` based on the given ``key``.</doc>
<status status="NOT RUN" start="2026-05-20T18:46:48.286271" elapsed="0.000018"/>
</kw>
<kw name="Should Be Equal As Strings" owner="BuiltIn">
<arg>${actual_value}</arg>
<arg>${expected_value}</arg>
<doc>Fails if objects are unequal after converting them to strings.</doc>
<status status="NOT RUN" start="2026-05-20T18:46:48.286317" elapsed="0.000018"/>
</kw>
<arg>${response}</arg>
<arg>content</arg>
<arg>${TEST_COMMENT_CONTENT}</arg>
<doc>Verify response field equals expected value</doc>
<status status="PASS" start="2026-05-20T18:46:48.286172" elapsed="0.000176"/>
</kw>
<kw name="Response Field Should Equal" owner="api_keywords">
<kw name="Set Variable" owner="BuiltIn">
<var>${json}</var>
<arg>${response.json()}</arg>
<doc>Returns the given values which can then be assigned to a variables.</doc>
<status status="NOT RUN" start="2026-05-20T18:46:48.286446" elapsed="0.000012"/>
</kw>
<kw name="Get From Dictionary" owner="Collections">
<var>${actual_value}</var>
<arg>${json}</arg>
<arg>${field}</arg>
<doc>Returns a value from the given ``dictionary`` based on the given ``key``.</doc>
<status status="NOT RUN" start="2026-05-20T18:46:48.286487" elapsed="0.000018"/>
</kw>
<kw name="Should Be Equal As Strings" owner="BuiltIn">
<arg>${actual_value}</arg>
<arg>${expected_value}</arg>
<doc>Fails if objects are unequal after converting them to strings.</doc>
<status status="NOT RUN" start="2026-05-20T18:46:48.286533" elapsed="0.000017"/>
</kw>
<arg>${response}</arg>
<arg>issue_id</arg>
<arg>${issue_id}</arg>
<doc>Verify response field equals expected value</doc>
<status status="PASS" start="2026-05-20T18:46:48.286389" elapsed="0.000172"/>
</kw>
<doc>Test creating a comment on an issue</doc>
<tag>comments</tag>
<tag>create</tag>
<tag>smoke</tag>
<status status="PASS" start="2026-05-20T18:46:48.283821" elapsed="0.002767"/>
</test>
<test id="s1-s2-t2" name="Create Comment With Short Content Should Fail" line="33">
<kw name="Register User" owner="api_keywords">
<kw name="Create Dictionary" owner="BuiltIn">
<var>${user_data}</var>
<arg>email=${email}</arg>
<arg>username=${username}</arg>
<arg>full_name=${fullname}</arg>
<arg>password=${password}</arg>
<doc>Creates and returns a dictionary based on the given ``items``.</doc>
<status status="NOT RUN" start="2026-05-20T18:46:48.286813" elapsed="0.000018"/>
</kw>
<kw name="POST On Session" owner="RequestsLibrary">
<var>${response}</var>
<arg>api</arg>
<arg>/api/auth/register</arg>
<arg>json=${user_data}</arg>
<arg>expected_status=any</arg>
<doc>Sends a POST request on a previously created HTTP Session.</doc>
<status status="NOT RUN" start="2026-05-20T18:46:48.286863" elapsed="0.000026"/>
</kw>
<return>
<value>${response}</value>
<status status="PASS" start="2026-05-20T18:46:48.286905" elapsed="0.000004"/>
</return>
<arg>comshort@example.com</arg>
<arg>comshort</arg>
<arg>Com Short</arg>
<arg>password123</arg>
<doc>Register a new user</doc>
<status status="PASS" start="2026-05-20T18:46:48.286754" elapsed="0.000165"/>
</kw>
<kw name="Get Auth Token" owner="api_keywords">
<kw name="Login User" owner="api_keywords">
<kw name="Create Dictionary" owner="BuiltIn">
<var>${credentials}</var>
<arg>username=${username}</arg>
<arg>password=${password}</arg>
<doc>Creates and returns a dictionary based on the given ``items``.</doc>
<status status="NOT RUN" start="2026-05-20T18:46:48.287088" elapsed="0.000018"/>
</kw>
<kw name="POST On Session" owner="RequestsLibrary">
<var>${response}</var>
<arg>api</arg>
<arg>/api/auth/login</arg>
<arg>json=${credentials}</arg>
<arg>expected_status=any</arg>
<doc>Sends a POST request on a previously created HTTP Session.</doc>
<status status="NOT RUN" start="2026-05-20T18:46:48.287139" elapsed="0.000021"/>
</kw>
<return>
<value>${response}</value>
<status status="PASS" start="2026-05-20T18:46:48.287175" elapsed="0.000003"/>
</return>
<var>${response}</var>
<arg>${username}</arg>
<arg>${password}</arg>
<doc>Login and return the response</doc>
<status status="PASS" start="2026-05-20T18:46:48.287026" elapsed="0.000162"/>
</kw>
<kw name="Get From Dictionary" owner="Collections">
<var>${token}</var>
<arg>${response.json()}</arg>
<arg>access_token</arg>
<doc>Returns a value from the given ``dictionary`` based on the given ``key``.</doc>
<status status="NOT RUN" start="2026-05-20T18:46:48.287216" elapsed="0.000019"/>
</kw>
<return>
<value>${token}</value>
<status status="PASS" start="2026-05-20T18:46:48.287246" elapsed="0.000004"/>
</return>
<var>${token}</var>
<arg>comshort</arg>
<arg>password123</arg>
<doc>Login and extract the access token</doc>
<status status="PASS" start="2026-05-20T18:46:48.286961" elapsed="0.000298"/>
</kw>
<kw name="Create Project" owner="api_keywords">
<kw name="Create Auth Headers" owner="api_keywords">
<kw name="Create Dictionary" owner="BuiltIn">
<var>${headers}</var>
<arg>Authorization=Bearer ${token}</arg>
<arg>Content-Type=application/json</arg>
<doc>Creates and returns a dictionary based on the given ``items``.</doc>
<status status="NOT RUN" start="2026-05-20T18:46:48.287415" elapsed="0.000017"/>
</kw>
<return>
<value>${headers}</value>
<status status="PASS" start="2026-05-20T18:46:48.287446" elapsed="0.000003"/>
</return>
<var>${headers}</var>
<arg>${token}</arg>
<doc>Create authorization headers with Bearer token</doc>
<status status="PASS" start="2026-05-20T18:46:48.287363" elapsed="0.000095"/>
</kw>
<kw name="Create Dictionary" owner="BuiltIn">
<var>${project_data}</var>
<arg>name=${name}</arg>
<arg>key=${key}</arg>
<arg>description=${description}</arg>
<doc>Creates and returns a dictionary based on the given ``items``.</doc>
<status status="NOT RUN" start="2026-05-20T18:46:48.287484" elapsed="0.000015"/>
</kw>
<kw name="POST On Session" owner="RequestsLibrary">
<var>${response}</var>
<arg>api</arg>
<arg>/api/projects</arg>
<arg>json=${project_data}</arg>
<arg>headers=${headers}</arg>
<arg>expected_status=any</arg>
<doc>Sends a POST request on a previously created HTTP Session.</doc>
<status status="NOT RUN" start="2026-05-20T18:46:48.287539" elapsed="0.000025"/>
</kw>
<return>
<value>${response}</value>
<status status="PASS" start="2026-05-20T18:46:48.287580" elapsed="0.000003"/>
</return>
<var>${proj_response}</var>
<arg>Short Com Proj</arg>
<arg>SHORTCOM</arg>
<arg>${TEST_PROJECT_DESC}</arg>
<arg>${token}</arg>
<doc>Create a new project</doc>
<status status="PASS" start="2026-05-20T18:46:48.287299" elapsed="0.000294"/>
</kw>
<kw name="Get From Dictionary" owner="Collections">
<var>${project_id}</var>
<arg>${proj_response.json()}</arg>
<arg>id</arg>
<doc>Returns a value from the given ``dictionary`` based on the given ``key``.</doc>
<status status="NOT RUN" start="2026-05-20T18:46:48.287623" elapsed="0.000017"/>
</kw>
<kw name="Create Issue" owner="api_keywords">
<kw name="Create Auth Headers" owner="api_keywords">
<kw name="Create Dictionary" owner="BuiltIn">
<var>${headers}</var>
<arg>Authorization=Bearer ${token}</arg>
<arg>Content-Type=application/json</arg>
<doc>Creates and returns a dictionary based on the given ``items``.</doc>
<status status="NOT RUN" start="2026-05-20T18:46:48.287811" elapsed="0.000017"/>
</kw>
<return>
<value>${headers}</value>
<status status="PASS" start="2026-05-20T18:46:48.287842" elapsed="0.000004"/>
</return>
<var>${headers}</var>
<arg>${token}</arg>
<doc>Create authorization headers with Bearer token</doc>
<status status="PASS" start="2026-05-20T18:46:48.287757" elapsed="0.000098"/>
</kw>
<kw name="Create Dictionary" owner="BuiltIn">
<var>${issue_data}</var>
<arg>title=${title}</arg>
<arg>project_id=${project_id}</arg>
<arg>status=${status}</arg>
<arg>type=${type}</arg>
<arg>priority=${priority}</arg>
<doc>Creates and returns a dictionary based on the given ``items``.</doc>
<status status="NOT RUN" start="2026-05-20T18:46:48.287884" elapsed="0.000018"/>
</kw>
<kw name="Run Keyword If" owner="BuiltIn">
<kw name="Set To Dictionary" owner="Collections">
<arg>${issue_data}</arg>
<arg>description=${description}</arg>
<doc>Adds the given ``key_value_pairs`` and/or ``items`` to the ``dictionary``.</doc>
<status status="NOT RUN" start="2026-05-20T18:46:48.287971" elapsed="0.000019"/>
</kw>
<arg>'${description}' != '${EMPTY}'</arg>
<arg>Set To Dictionary</arg>
<arg>${issue_data}</arg>
<arg>description=${description}</arg>
<doc>Runs the given keyword with the given arguments, if ``condition`` is true.</doc>
<status status="NOT RUN" start="2026-05-20T18:46:48.287934" elapsed="0.000067"/>
</kw>
<kw name="Run Keyword If" owner="BuiltIn">
<kw name="Set To Dictionary" owner="Collections">
<arg>${issue_data}</arg>
<arg>assignee_id=${assignee_id}</arg>
<doc>Adds the given ``key_value_pairs`` and/or ``items`` to the ``dictionary``.</doc>
<status status="NOT RUN" start="2026-05-20T18:46:48.288066" elapsed="0.000018"/>
</kw>
<arg>${assignee_id} != ${NONE}</arg>
<arg>Set To Dictionary</arg>
<arg>${issue_data}</arg>
<arg>assignee_id=${assignee_id}</arg>
<doc>Runs the given keyword with the given arguments, if ``condition`` is true.</doc>
<status status="NOT RUN" start="2026-05-20T18:46:48.288030" elapsed="0.000064"/>
</kw>
<kw name="POST On Session" owner="RequestsLibrary">
<var>${response}</var>
<arg>api</arg>
<arg>/api/issues</arg>
<arg>json=${issue_data}</arg>
<arg>headers=${headers}</arg>
<arg>expected_status=any</arg>
<doc>Sends a POST request on a previously created HTTP Session.</doc>
<status status="NOT RUN" start="2026-05-20T18:46:48.288122" elapsed="0.000024"/>
</kw>
<return>
<value>${response}</value>
<status status="PASS" start="2026-05-20T18:46:48.288161" elapsed="0.000004"/>
</return>
<var>${issue_response}</var>
<arg>${TEST_ISSUE_TITLE}</arg>
<arg>${project_id}</arg>
<arg>${token}</arg>
<doc>Create a new issue</doc>
<status status="PASS" start="2026-05-20T18:46:48.287687" elapsed="0.000487"/>
</kw>
<kw name="Get From Dictionary" owner="Collections">
<var>${issue_id}</var>
<arg>${issue_response.json()}</arg>
<arg>id</arg>
<doc>Returns a value from the given ``dictionary`` based on the given ``key``.</doc>
<status status="NOT RUN" start="2026-05-20T18:46:48.288204" elapsed="0.000018"/>
</kw>
<kw name="Create Comment" owner="api_keywords">
<kw name="Create Auth Headers" owner="api_keywords">
<kw name="Create Dictionary" owner="BuiltIn">
<var>${headers}</var>
<arg>Authorization=Bearer ${token}</arg>
<arg>Content-Type=application/json</arg>
<doc>Creates and returns a dictionary based on the given ``items``.</doc>
<status status="NOT RUN" start="2026-05-20T18:46:48.288626" elapsed="0.000016"/>
</kw>
<return>
<value>${headers}</value>
<status status="PASS" start="2026-05-20T18:46:48.288656" elapsed="0.000003"/>
</return>
<var>${headers}</var>
<arg>${token}</arg>
<doc>Create authorization headers with Bearer token</doc>
<status status="PASS" start="2026-05-20T18:46:48.288332" elapsed="0.000336"/>
</kw>
<kw name="Create Dictionary" owner="BuiltIn">
<var>${comment_data}</var>
<arg>content=${content}</arg>
<arg>issue_id=${issue_id}</arg>
<doc>Creates and returns a dictionary based on the given ``items``.</doc>
<status status="NOT RUN" start="2026-05-20T18:46:48.288696" elapsed="0.000016"/>
</kw>
<kw name="POST On Session" owner="RequestsLibrary">
<var>${response}</var>
<arg>api</arg>
<arg>/api/comments</arg>
<arg>json=${comment_data}</arg>
<arg>headers=${headers}</arg>
<arg>expected_status=any</arg>
<doc>Sends a POST request on a previously created HTTP Session.</doc>
<status status="NOT RUN" start="2026-05-20T18:46:48.288737" elapsed="0.000022"/>
</kw>
<return>
<value>${response}</value>
<status status="PASS" start="2026-05-20T18:46:48.288780" elapsed="0.000003"/>
</return>
<var>${response}</var>
<arg>${issue_id}</arg>
<arg>Short text</arg>
<arg>${token}</arg>
<doc>Create a comment on an issue</doc>
<status status="PASS" start="2026-05-20T18:46:48.288263" elapsed="0.000529"/>
</kw>
<kw name="Response Status Should Be" owner="api_keywords">
<kw name="Should Be Equal As Numbers" owner="BuiltIn">
<arg>${response.status_code}</arg>
<arg>${expected_status}</arg>
<doc>Fails if objects are unequal after converting them to real numbers.</doc>
<status status="NOT RUN" start="2026-05-20T18:46:48.288874" elapsed="0.000017"/>
</kw>
<arg>${response}</arg>
<arg>422</arg>
<doc>Verify response status code</doc>
<status status="PASS" start="2026-05-20T18:46:48.288825" elapsed="0.000078"/>
</kw>
<doc>Test that comment content must be at least 15 characters</doc>
<tag>comments</tag>
<tag>create</tag>
<tag>validation</tag>
<status status="PASS" start="2026-05-20T18:46:48.286635" elapsed="0.002292"/>
</test>
<test id="s1-s2-t3" name="Create Comment On Non-Existent Issue Should Fail" line="46">
<kw name="Register User" owner="api_keywords">
<kw name="Create Dictionary" owner="BuiltIn">
<var>${user_data}</var>
<arg>email=${email}</arg>
<arg>username=${username}</arg>
<arg>full_name=${fullname}</arg>
<arg>password=${password}</arg>
<doc>Creates and returns a dictionary based on the given ``items``.</doc>
<status status="NOT RUN" start="2026-05-20T18:46:48.289151" elapsed="0.000018"/>
</kw>
<kw name="POST On Session" owner="RequestsLibrary">
<var>${response}</var>
<arg>api</arg>
<arg>/api/auth/register</arg>
<arg>json=${user_data}</arg>
<arg>expected_status=any</arg>
<doc>Sends a POST request on a previously created HTTP Session.</doc>
<status status="NOT RUN" start="2026-05-20T18:46:48.289201" elapsed="0.000022"/>
</kw>
<return>
<value>${response}</value>
<status status="PASS" start="2026-05-20T18:46:48.289238" elapsed="0.000004"/>
</return>
<arg>comnotfound@example.com</arg>
<arg>comnotfound</arg>
<arg>Com Not Found</arg>
<arg>password123</arg>
<doc>Register a new user</doc>
<status status="PASS" start="2026-05-20T18:46:48.289094" elapsed="0.000157"/>
</kw>
<kw name="Get Auth Token" owner="api_keywords">
<kw name="Login User" owner="api_keywords">
<kw name="Create Dictionary" owner="BuiltIn">
<var>${credentials}</var>
<arg>username=${username}</arg>
<arg>password=${password}</arg>
<doc>Creates and returns a dictionary based on the given ``items``.</doc>
<status status="NOT RUN" start="2026-05-20T18:46:48.289407" elapsed="0.000017"/>
</kw>
<kw name="POST On Session" owner="RequestsLibrary">
<var>${response}</var>
<arg>api</arg>
<arg>/api/auth/login</arg>
<arg>json=${credentials}</arg>
<arg>expected_status=any</arg>
<doc>Sends a POST request on a previously created HTTP Session.</doc>
<status status="NOT RUN" start="2026-05-20T18:46:48.289454" elapsed="0.000020"/>
</kw>
<return>
<value>${response}</value>
<status status="PASS" start="2026-05-20T18:46:48.289490" elapsed="0.000003"/>
</return>
<var>${response}</var>
<arg>${username}</arg>
<arg>${password}</arg>
<doc>Login and return the response</doc>
<status status="PASS" start="2026-05-20T18:46:48.289354" elapsed="0.000149"/>
</kw>
<kw name="Get From Dictionary" owner="Collections">
<var>${token}</var>
<arg>${response.json()}</arg>
<arg>access_token</arg>
<doc>Returns a value from the given ``dictionary`` based on the given ``key``.</doc>
<status status="NOT RUN" start="2026-05-20T18:46:48.289531" elapsed="0.000018"/>
</kw>
<return>
<value>${token}</value>
<status status="PASS" start="2026-05-20T18:46:48.289560" elapsed="0.000003"/>
</return>
<var>${token}</var>
<arg>comnotfound</arg>
<arg>password123</arg>
<doc>Login and extract the access token</doc>
<status status="PASS" start="2026-05-20T18:46:48.289291" elapsed="0.000281"/>
</kw>
<kw name="Create Comment" owner="api_keywords">
<kw name="Create Auth Headers" owner="api_keywords">
<kw name="Create Dictionary" owner="BuiltIn">
<var>${headers}</var>
<arg>Authorization=Bearer ${token}</arg>
<arg>Content-Type=application/json</arg>
<doc>Creates and returns a dictionary based on the given ``items``.</doc>
<status status="NOT RUN" start="2026-05-20T18:46:48.289724" elapsed="0.000017"/>
</kw>
<return>
<value>${headers}</value>
<status status="PASS" start="2026-05-20T18:46:48.289756" elapsed="0.000003"/>
</return>
<var>${headers}</var>
<arg>${token}</arg>
<doc>Create authorization headers with Bearer token</doc>
<status status="PASS" start="2026-05-20T18:46:48.289673" elapsed="0.000096"/>
</kw>
<kw name="Create Dictionary" owner="BuiltIn">
<var>${comment_data}</var>
<arg>content=${content}</arg>
<arg>issue_id=${issue_id}</arg>
<doc>Creates and returns a dictionary based on the given ``items``.</doc>
<status status="NOT RUN" start="2026-05-20T18:46:48.289799" elapsed="0.000016"/>
</kw>
<kw name="POST On Session" owner="RequestsLibrary">
<var>${response}</var>
<arg>api</arg>
<arg>/api/comments</arg>
<arg>json=${comment_data}</arg>
<arg>headers=${headers}</arg>
<arg>expected_status=any</arg>
<doc>Sends a POST request on a previously created HTTP Session.</doc>
<status status="NOT RUN" start="2026-05-20T18:46:48.289850" elapsed="0.000028"/>
</kw>
<return>
<value>${response}</value>
<status status="PASS" start="2026-05-20T18:46:48.289893" elapsed="0.000004"/>
</return>
<var>${response}</var>
<arg>99999</arg>
<arg>${TEST_COMMENT_CONTENT}</arg>
<arg>${token}</arg>
<doc>Create a comment on an issue</doc>
<status status="PASS" start="2026-05-20T18:46:48.289612" elapsed="0.000294"/>
</kw>
<kw name="Response Status Should Be" owner="api_keywords">
<kw name="Should Be Equal As Numbers" owner="BuiltIn">
<arg>${response.status_code}</arg>
<arg>${expected_status}</arg>
<doc>Fails if objects are unequal after converting them to real numbers.</doc>
<status status="NOT RUN" start="2026-05-20T18:46:48.290000" elapsed="0.000019"/>
</kw>
<arg>${response}</arg>
<arg>404</arg>
<doc>Verify response status code</doc>
<status status="PASS" start="2026-05-20T18:46:48.289944" elapsed="0.000088"/>
</kw>
<doc>Test that creating comment on non-existent issue fails</doc>
<tag>comments</tag>
<tag>create</tag>
<tag>validation</tag>
<status status="PASS" start="2026-05-20T18:46:48.288976" elapsed="0.001082"/>
</test>
<test id="s1-s2-t4" name="Get Comments For Issue" line="55">
<kw name="Register User" owner="api_keywords">
<kw name="Create Dictionary" owner="BuiltIn">
<var>${user_data}</var>
<arg>email=${email}</arg>
<arg>username=${username}</arg>
<arg>full_name=${fullname}</arg>
<arg>password=${password}</arg>
<doc>Creates and returns a dictionary based on the given ``items``.</doc>
<status status="NOT RUN" start="2026-05-20T18:46:48.290268" elapsed="0.000018"/>
</kw>
<kw name="POST On Session" owner="RequestsLibrary">
<var>${response}</var>
<arg>api</arg>
<arg>/api/auth/register</arg>
<arg>json=${user_data}</arg>
<arg>expected_status=any</arg>
<doc>Sends a POST request on a previously created HTTP Session.</doc>
<status status="NOT RUN" start="2026-05-20T18:46:48.290318" elapsed="0.000021"/>
</kw>
<return>
<value>${response}</value>
<status status="PASS" start="2026-05-20T18:46:48.290354" elapsed="0.000003"/>
</return>
<arg>comget@example.com</arg>
<arg>comget</arg>
<arg>Com Get</arg>
<arg>password123</arg>
<doc>Register a new user</doc>
<status status="PASS" start="2026-05-20T18:46:48.290208" elapsed="0.000158"/>
</kw>
<kw name="Get Auth Token" owner="api_keywords">
<kw name="Login User" owner="api_keywords">
<kw name="Create Dictionary" owner="BuiltIn">
<var>${credentials}</var>
<arg>username=${username}</arg>
<arg>password=${password}</arg>
<doc>Creates and returns a dictionary based on the given ``items``.</doc>
<status status="NOT RUN" start="2026-05-20T18:46:48.290520" elapsed="0.000016"/>
</kw>
<kw name="POST On Session" owner="RequestsLibrary">
<var>${response}</var>
<arg>api</arg>
<arg>/api/auth/login</arg>
<arg>json=${credentials}</arg>
<arg>expected_status=any</arg>
<doc>Sends a POST request on a previously created HTTP Session.</doc>
<status status="NOT RUN" start="2026-05-20T18:46:48.290562" elapsed="0.000019"/>
</kw>
<return>
<value>${response}</value>
<status status="PASS" start="2026-05-20T18:46:48.290608" elapsed="0.000003"/>
</return>
<var>${response}</var>
<arg>${username}</arg>
<arg>${password}</arg>
<doc>Login and return the response</doc>
<status status="PASS" start="2026-05-20T18:46:48.290470" elapsed="0.000151"/>
</kw>
<kw name="Get From Dictionary" owner="Collections">
<var>${token}</var>
<arg>${response.json()}</arg>
<arg>access_token</arg>
<doc>Returns a value from the given ``dictionary`` based on the given ``key``.</doc>
<status status="NOT RUN" start="2026-05-20T18:46:48.290650" elapsed="0.000018"/>
</kw>
<return>
<value>${token}</value>
<status status="PASS" start="2026-05-20T18:46:48.290680" elapsed="0.000004"/>
</return>
<var>${token}</var>
<arg>comget</arg>
<arg>password123</arg>
<doc>Login and extract the access token</doc>
<status status="PASS" start="2026-05-20T18:46:48.290406" elapsed="0.000286"/>
</kw>
<kw name="Create Project" owner="api_keywords">
<kw name="Create Auth Headers" owner="api_keywords">
<kw name="Create Dictionary" owner="BuiltIn">
<var>${headers}</var>
<arg>Authorization=Bearer ${token}</arg>
<arg>Content-Type=application/json</arg>
<doc>Creates and returns a dictionary based on the given ``items``.</doc>
<status status="NOT RUN" start="2026-05-20T18:46:48.290854" elapsed="0.000018"/>
</kw>
<return>
<value>${headers}</value>
<status status="PASS" start="2026-05-20T18:46:48.290886" elapsed="0.000004"/>
</return>
<var>${headers}</var>
<arg>${token}</arg>
<doc>Create authorization headers with Bearer token</doc>
<status status="PASS" start="2026-05-20T18:46:48.290802" elapsed="0.000097"/>
</kw>
<kw name="Create Dictionary" owner="BuiltIn">
<var>${project_data}</var>
<arg>name=${name}</arg>
<arg>key=${key}</arg>
<arg>description=${description}</arg>
<doc>Creates and returns a dictionary based on the given ``items``.</doc>
<status status="NOT RUN" start="2026-05-20T18:46:48.290929" elapsed="0.000017"/>
</kw>
<kw name="POST On Session" owner="RequestsLibrary">
<var>${response}</var>
<arg>api</arg>
<arg>/api/projects</arg>
<arg>json=${project_data}</arg>
<arg>headers=${headers}</arg>
<arg>expected_status=any</arg>
<doc>Sends a POST request on a previously created HTTP Session.</doc>
<status status="NOT RUN" start="2026-05-20T18:46:48.290974" elapsed="0.000028"/>
</kw>
<return>
<value>${response}</value>
<status status="PASS" start="2026-05-20T18:46:48.291017" elapsed="0.000004"/>
</return>
<var>${proj_response}</var>
<arg>Get Com Proj</arg>
<arg>GETCOM</arg>
<arg>${TEST_PROJECT_DESC}</arg>
<arg>${token}</arg>
<doc>Create a new project</doc>
<status status="PASS" start="2026-05-20T18:46:48.290733" elapsed="0.000297"/>
</kw>
<kw name="Get From Dictionary" owner="Collections">
<var>${project_id}</var>
<arg>${proj_response.json()}</arg>
<arg>id</arg>
<doc>Returns a value from the given ``dictionary`` based on the given ``key``.</doc>
<status status="NOT RUN" start="2026-05-20T18:46:48.291061" elapsed="0.000018"/>
</kw>
<kw name="Create Issue" owner="api_keywords">
<kw name="Create Auth Headers" owner="api_keywords">
<kw name="Create Dictionary" owner="BuiltIn">
<var>${headers}</var>
<arg>Authorization=Bearer ${token}</arg>
<arg>Content-Type=application/json</arg>
<doc>Creates and returns a dictionary based on the given ``items``.</doc>
<status status="NOT RUN" start="2026-05-20T18:46:48.291249" elapsed="0.000017"/>
</kw>
<return>
<value>${headers}</value>
<status status="PASS" start="2026-05-20T18:46:48.291280" elapsed="0.000004"/>
</return>
<var>${headers}</var>
<arg>${token}</arg>
<doc>Create authorization headers with Bearer token</doc>
<status status="PASS" start="2026-05-20T18:46:48.291195" elapsed="0.000099"/>
</kw>
<kw name="Create Dictionary" owner="BuiltIn">
<var>${issue_data}</var>
<arg>title=${title}</arg>
<arg>project_id=${project_id}</arg>
<arg>status=${status}</arg>
<arg>type=${type}</arg>
<arg>priority=${priority}</arg>
<doc>Creates and returns a dictionary based on the given ``items``.</doc>
<status status="NOT RUN" start="2026-05-20T18:46:48.291323" elapsed="0.000018"/>
</kw>
<kw name="Run Keyword If" owner="BuiltIn">
<kw name="Set To Dictionary" owner="Collections">
<arg>${issue_data}</arg>
<arg>description=${description}</arg>
<doc>Adds the given ``key_value_pairs`` and/or ``items`` to the ``dictionary``.</doc>
<status status="NOT RUN" start="2026-05-20T18:46:48.291412" elapsed="0.000019"/>
</kw>
<arg>'${description}' != '${EMPTY}'</arg>
<arg>Set To Dictionary</arg>
<arg>${issue_data}</arg>
<arg>description=${description}</arg>
<doc>Runs the given keyword with the given arguments, if ``condition`` is true.</doc>
<status status="NOT RUN" start="2026-05-20T18:46:48.291372" elapsed="0.000070"/>
</kw>
<kw name="Run Keyword If" owner="BuiltIn">
<kw name="Set To Dictionary" owner="Collections">
<arg>${issue_data}</arg>
<arg>assignee_id=${assignee_id}</arg>
<doc>Adds the given ``key_value_pairs`` and/or ``items`` to the ``dictionary``.</doc>
<status status="NOT RUN" start="2026-05-20T18:46:48.291514" elapsed="0.000018"/>
</kw>
<arg>${assignee_id} != ${NONE}</arg>
<arg>Set To Dictionary</arg>
<arg>${issue_data}</arg>
<arg>assignee_id=${assignee_id}</arg>
<doc>Runs the given keyword with the given arguments, if ``condition`` is true.</doc>
<status status="NOT RUN" start="2026-05-20T18:46:48.291471" elapsed="0.000071"/>
</kw>
<kw name="POST On Session" owner="RequestsLibrary">
<var>${response}</var>
<arg>api</arg>
<arg>/api/issues</arg>
<arg>json=${issue_data}</arg>
<arg>headers=${headers}</arg>
<arg>expected_status=any</arg>
<doc>Sends a POST request on a previously created HTTP Session.</doc>
<status status="NOT RUN" start="2026-05-20T18:46:48.291569" elapsed="0.000025"/>
</kw>
<return>
<value>${response}</value>
<status status="PASS" start="2026-05-20T18:46:48.291609" elapsed="0.000003"/>
</return>
<var>${issue_response}</var>
<arg>${TEST_ISSUE_TITLE}</arg>
[...]
<status status="PASS" start="2026-05-20T18:46:48.370549" elapsed="0.000003"/>
</return>
<arg>bug</arg>
<arg>${token}</arg>
<doc>Create a new tag</doc>
<status status="PASS" start="2026-05-20T18:46:48.370266" elapsed="0.000296"/>
</kw>
<kw name="Create Tag" owner="api_keywords">
<kw name="Create Auth Headers" owner="api_keywords">
<kw name="Create Dictionary" owner="BuiltIn">
<var>${headers}</var>
<arg>Authorization=Bearer ${token}</arg>
<arg>Content-Type=application/json</arg>
<doc>Creates and returns a dictionary based on the given ``items``.</doc>
<status status="NOT RUN" start="2026-05-20T18:46:48.370725" elapsed="0.000017"/>
</kw>
<return>
<value>${headers}</value>
<status status="PASS" start="2026-05-20T18:46:48.370757" elapsed="0.000004"/>
</return>
<var>${headers}</var>
<arg>${token}</arg>
<doc>Create authorization headers with Bearer token</doc>
<status status="PASS" start="2026-05-20T18:46:48.370673" elapsed="0.000097"/>
</kw>
<kw name="Create Dictionary" owner="BuiltIn">
<var>${tag_data}</var>
<arg>name=${name}</arg>
<arg>color=${color}</arg>
<doc>Creates and returns a dictionary based on the given ``items``.</doc>
<status status="NOT RUN" start="2026-05-20T18:46:48.370799" elapsed="0.000016"/>
</kw>
<kw name="POST On Session" owner="RequestsLibrary">
<var>${response}</var>
<arg>api</arg>
<arg>/api/tags</arg>
<arg>json=${tag_data}</arg>
<arg>headers=${headers}</arg>
<arg>expected_status=any</arg>
<doc>Sends a POST request on a previously created HTTP Session.</doc>
<status status="NOT RUN" start="2026-05-20T18:46:48.370842" elapsed="0.000026"/>
</kw>
<return>
<value>${response}</value>
<status status="PASS" start="2026-05-20T18:46:48.370884" elapsed="0.000003"/>
</return>
<arg>feature</arg>
<arg>${token}</arg>
<doc>Create a new tag</doc>
<status status="PASS" start="2026-05-20T18:46:48.370604" elapsed="0.000293"/>
</kw>
<kw name="Get All Tags" owner="api_keywords">
<kw name="Create Auth Headers" owner="api_keywords">
<kw name="Create Dictionary" owner="BuiltIn">
<var>${headers}</var>
<arg>Authorization=Bearer ${token}</arg>
<arg>Content-Type=application/json</arg>
<doc>Creates and returns a dictionary based on the given ``items``.</doc>
<status status="NOT RUN" start="2026-05-20T18:46:48.371053" elapsed="0.000017"/>
</kw>
<return>
<value>${headers}</value>
<status status="PASS" start="2026-05-20T18:46:48.371084" elapsed="0.000004"/>
</return>
<var>${headers}</var>
<arg>${token}</arg>
<doc>Create authorization headers with Bearer token</doc>
<status status="PASS" start="2026-05-20T18:46:48.371001" elapsed="0.000097"/>
</kw>
<kw name="GET On Session" owner="RequestsLibrary">
<var>${response}</var>
<arg>api</arg>
<arg>/api/tags</arg>
<arg>headers=${headers}</arg>
<arg>expected_status=any</arg>
<doc>Sends a GET request on a previously created HTTP Session.</doc>
<status status="NOT RUN" start="2026-05-20T18:46:48.371127" elapsed="0.000022"/>
</kw>
<return>
<value>${response}</value>
<status status="PASS" start="2026-05-20T18:46:48.371163" elapsed="0.000004"/>
</return>
<var>${response}</var>
<arg>${token}</arg>
<doc>Get all tags</doc>
<status status="PASS" start="2026-05-20T18:46:48.370939" elapsed="0.000237"/>
</kw>
<kw name="Response Status Should Be" owner="api_keywords">
<kw name="Should Be Equal As Numbers" owner="BuiltIn">
<arg>${response.status_code}</arg>
<arg>${expected_status}</arg>
<doc>Fails if objects are unequal after converting them to real numbers.</doc>
<status status="NOT RUN" start="2026-05-20T18:46:48.371269" elapsed="0.000021"/>
</kw>
<arg>${response}</arg>
<arg>200</arg>
<doc>Verify response status code</doc>
<status status="PASS" start="2026-05-20T18:46:48.371212" elapsed="0.000100"/>
</kw>
<kw name="Set Variable" owner="BuiltIn">
<var>${tags}</var>
<arg>${response.json()}</arg>
<doc>Returns the given values which can then be assigned to a variables.</doc>
<status status="NOT RUN" start="2026-05-20T18:46:48.371342" elapsed="0.000014"/>
</kw>
<kw name="Should Not Be Empty" owner="BuiltIn">
<arg>${tags}</arg>
<doc>Verifies that the given item is not empty.</doc>
<status status="NOT RUN" start="2026-05-20T18:46:48.371386" elapsed="0.000017"/>
</kw>
<doc>Test retrieving all tags</doc>
<tag>read</tag>
<tag>smoke</tag>
<tag>tags</tag>
<status status="PASS" start="2026-05-20T18:46:48.369614" elapsed="0.001817"/>
</test>
<test id="s1-s5-t5" name="Delete Tag Successfully" line="65">
<kw name="Register User" owner="api_keywords">
<kw name="Create Dictionary" owner="BuiltIn">
<var>${user_data}</var>
<arg>email=${email}</arg>
<arg>username=${username}</arg>
<arg>full_name=${fullname}</arg>
<arg>password=${password}</arg>
<doc>Creates and returns a dictionary based on the given ``items``.</doc>
<status status="NOT RUN" start="2026-05-20T18:46:48.371646" elapsed="0.000019"/>
</kw>
<kw name="POST On Session" owner="RequestsLibrary">
<var>${response}</var>
<arg>api</arg>
<arg>/api/auth/register</arg>
<arg>json=${user_data}</arg>
<arg>expected_status=any</arg>
<doc>Sends a POST request on a previously created HTTP Session.</doc>
<status status="NOT RUN" start="2026-05-20T18:46:48.371699" elapsed="0.000021"/>
</kw>
<return>
<value>${response}</value>
<status status="PASS" start="2026-05-20T18:46:48.371735" elapsed="0.000004"/>
</return>
<arg>tagdel@example.com</arg>
<arg>tagdel</arg>
<arg>Tag Del</arg>
<arg>password123</arg>
<doc>Register a new user</doc>
<status status="PASS" start="2026-05-20T18:46:48.371586" elapsed="0.000162"/>
</kw>
<kw name="Get Auth Token" owner="api_keywords">
<kw name="Login User" owner="api_keywords">
<kw name="Create Dictionary" owner="BuiltIn">
<var>${credentials}</var>
<arg>username=${username}</arg>
<arg>password=${password}</arg>
<doc>Creates and returns a dictionary based on the given ``items``.</doc>
<status status="NOT RUN" start="2026-05-20T18:46:48.371908" elapsed="0.000017"/>
</kw>
<kw name="POST On Session" owner="RequestsLibrary">
<var>${response}</var>
<arg>api</arg>
<arg>/api/auth/login</arg>
<arg>json=${credentials}</arg>
<arg>expected_status=any</arg>
<doc>Sends a POST request on a previously created HTTP Session.</doc>
<status status="NOT RUN" start="2026-05-20T18:46:48.371959" elapsed="0.000022"/>
</kw>
<return>
<value>${response}</value>
<status status="PASS" start="2026-05-20T18:46:48.371995" elapsed="0.000004"/>
</return>
<var>${response}</var>
<arg>${username}</arg>
<arg>${password}</arg>
<doc>Login and return the response</doc>
<status status="PASS" start="2026-05-20T18:46:48.371854" elapsed="0.000154"/>
</kw>
<kw name="Get From Dictionary" owner="Collections">
<var>${token}</var>
<arg>${response.json()}</arg>
<arg>access_token</arg>
<doc>Returns a value from the given ``dictionary`` based on the given ``key``.</doc>
<status status="NOT RUN" start="2026-05-20T18:46:48.372038" elapsed="0.000019"/>
</kw>
<return>
<value>${token}</value>
<status status="PASS" start="2026-05-20T18:46:48.372069" elapsed="0.000003"/>
</return>
<var>${token}</var>
<arg>tagdel</arg>
<arg>password123</arg>
<doc>Login and extract the access token</doc>
<status status="PASS" start="2026-05-20T18:46:48.371790" elapsed="0.000291"/>
</kw>
<kw name="Create Tag" owner="api_keywords">
<kw name="Create Auth Headers" owner="api_keywords">
<kw name="Create Dictionary" owner="BuiltIn">
<var>${headers}</var>
<arg>Authorization=Bearer ${token}</arg>
<arg>Content-Type=application/json</arg>
<doc>Creates and returns a dictionary based on the given ``items``.</doc>
<status status="NOT RUN" start="2026-05-20T18:46:48.372238" elapsed="0.000017"/>
</kw>
<return>
<value>${headers}</value>
<status status="PASS" start="2026-05-20T18:46:48.372270" elapsed="0.000003"/>
</return>
<var>${headers}</var>
<arg>${token}</arg>
<doc>Create authorization headers with Bearer token</doc>
<status status="PASS" start="2026-05-20T18:46:48.372186" elapsed="0.000097"/>
</kw>
<kw name="Create Dictionary" owner="BuiltIn">
<var>${tag_data}</var>
<arg>name=${name}</arg>
<arg>color=${color}</arg>
<doc>Creates and returns a dictionary based on the given ``items``.</doc>
<status status="NOT RUN" start="2026-05-20T18:46:48.372313" elapsed="0.000016"/>
</kw>
<kw name="POST On Session" owner="RequestsLibrary">
<var>${response}</var>
<arg>api</arg>
<arg>/api/tags</arg>
<arg>json=${tag_data}</arg>
<arg>headers=${headers}</arg>
<arg>expected_status=any</arg>
<doc>Sends a POST request on a previously created HTTP Session.</doc>
<status status="NOT RUN" start="2026-05-20T18:46:48.372357" elapsed="0.000025"/>
</kw>
<return>
<value>${response}</value>
<status status="PASS" start="2026-05-20T18:46:48.372398" elapsed="0.000003"/>
</return>
<var>${create_response}</var>
<arg>temporary</arg>
<arg>${token}</arg>
<doc>Create a new tag</doc>
<status status="PASS" start="2026-05-20T18:46:48.372122" elapsed="0.000289"/>
</kw>
<kw name="Get From Dictionary" owner="Collections">
<var>${tag_id}</var>
<arg>${create_response.json()}</arg>
<arg>id</arg>
<doc>Returns a value from the given ``dictionary`` based on the given ``key``.</doc>
<status status="NOT RUN" start="2026-05-20T18:46:48.372440" elapsed="0.000018"/>
</kw>
<kw name="Delete Tag" owner="api_keywords">
<kw name="Create Auth Headers" owner="api_keywords">
<kw name="Create Dictionary" owner="BuiltIn">
<var>${headers}</var>
<arg>Authorization=Bearer ${token}</arg>
<arg>Content-Type=application/json</arg>
<doc>Creates and returns a dictionary based on the given ``items``.</doc>
<status status="NOT RUN" start="2026-05-20T18:46:48.372617" elapsed="0.000017"/>
</kw>
<return>
<value>${headers}</value>
<status status="PASS" start="2026-05-20T18:46:48.372648" elapsed="0.000003"/>
</return>
<var>${headers}</var>
<arg>${token}</arg>
<doc>Create authorization headers with Bearer token</doc>
<status status="PASS" start="2026-05-20T18:46:48.372564" elapsed="0.000097"/>
</kw>
<kw name="DELETE On Session" owner="RequestsLibrary">
<var>${response}</var>
<arg>api</arg>
<arg>/api/tags/${tag_id}</arg>
<arg>headers=${headers}</arg>
<arg>expected_status=any</arg>
<doc>Sends a DELETE request on a previously created HTTP Session.</doc>
<status status="NOT RUN" start="2026-05-20T18:46:48.372690" elapsed="0.000022"/>
</kw>
<return>
<value>${response}</value>
<status status="PASS" start="2026-05-20T18:46:48.372726" elapsed="0.000003"/>
</return>
<var>${response}</var>
<arg>${tag_id}</arg>
<arg>${token}</arg>
<doc>Delete a tag</doc>
<status status="PASS" start="2026-05-20T18:46:48.372502" elapsed="0.000236"/>
</kw>
<kw name="Response Status Should Be" owner="api_keywords">
<kw name="Should Be Equal As Numbers" owner="BuiltIn">
<arg>${response.status_code}</arg>
<arg>${expected_status}</arg>
<doc>Fails if objects are unequal after converting them to real numbers.</doc>
<status status="NOT RUN" start="2026-05-20T18:46:48.372830" elapsed="0.000021"/>
</kw>
<arg>${response}</arg>
<arg>204</arg>
<doc>Verify response status code</doc>
<status status="PASS" start="2026-05-20T18:46:48.372774" elapsed="0.000090"/>
</kw>
<doc>Test deleting a tag</doc>
<tag>delete</tag>
<tag>tags</tag>
<status status="PASS" start="2026-05-20T18:46:48.371485" elapsed="0.001403"/>
</test>
<kw name="Suite Teardown For API Tests" owner="setup_teardown" type="TEARDOWN">
<kw name="Delete API Session" owner="api_keywords">
<kw name="Delete All Sessions" owner="RequestsLibrary">
<doc>Removes all the session objects</doc>
<status status="NOT RUN" start="2026-05-20T18:46:48.373075" elapsed="0.000011"/>
</kw>
<doc>Delete the API session</doc>
<status status="PASS" start="2026-05-20T18:46:48.373039" elapsed="0.000058"/>
</kw>
<kw name="Log" owner="BuiltIn">
<arg>API session deleted successfully</arg>
<doc>Logs the given message with the given level.</doc>
<status status="NOT RUN" start="2026-05-20T18:46:48.373123" elapsed="0.000024"/>
</kw>
<doc>Teardown for API test suites</doc>
<status status="PASS" start="2026-05-20T18:46:48.372995" elapsed="0.000163"/>
</kw>
<doc>Tag API Tests
Tests for tag CRUD operations</doc>
<status status="PASS" start="2026-05-20T18:46:48.362988" elapsed="0.010178"/>
</suite>
<status status="PASS" start="2026-05-20T18:46:48.200655" elapsed="0.172699"/>
</suite>
<statistics>
<total>
<stat pass="48" fail="0" skip="0">All Tests</stat>
</total>
<tag>
<stat pass="11" fail="0" skip="0">auth</stat>
<stat pass="11" fail="0" skip="0">authorization</stat>
<stat pass="8" fail="0" skip="0">comments</stat>
<stat pass="14" fail="0" skip="0">create</stat>
<stat pass="7" fail="0" skip="0">delete</stat>
<stat pass="13" fail="0" skip="0">issues</stat>
<stat pass="3" fail="0" skip="0">login</stat>
<stat pass="1" fail="0" skip="0">priorities</stat>
<stat pass="11" fail="0" skip="0">projects</stat>
<stat pass="8" fail="0" skip="0">read</stat>
<stat pass="5" fail="0" skip="0">register</stat>
<stat pass="11" fail="0" skip="0">smoke</stat>
<stat pass="5" fail="0" skip="0">tags</stat>
<stat pass="1" fail="0" skip="0">types</stat>
<stat pass="7" fail="0" skip="0">update</stat>
<stat pass="14" fail="0" skip="0">validation</stat>
<stat pass="1" fail="0" skip="0">workflow</stat>
</tag>
<suite>
<stat pass="48" fail="0" skip="0" id="s1" name="Api">Api</stat>
<stat pass="11" fail="0" skip="0" id="s1-s1" name="Auth">Api.Auth</stat>
<stat pass="8" fail="0" skip="0" id="s1-s2" name="Comments">Api.Comments</stat>
<stat pass="13" fail="0" skip="0" id="s1-s3" name="Issues">Api.Issues</stat>
<stat pass="11" fail="0" skip="0" id="s1-s4" name="Projects">Api.Projects</stat>
<stat pass="5" fail="0" skip="0" id="s1-s5" name="Tags">Api.Tags</stat>
</suite>
</statistics>
<errors>
<msg time="2026-05-20T18:46:48.262551" level="WARN">Error in file '/Users/analla/Downloads/cloudbees-new/smart-tests/issues-tracker-app/tests/robot/resources/api_keywords.robot' on line 32: The '[Return]' setting is deprecated. Use the 'RETURN' statement instead.</msg>
<msg time="2026-05-20T18:46:48.262647" level="WARN">Error in file '/Users/analla/Downloads/cloudbees-new/smart-tests/issues-tracker-app/tests/robot/resources/api_keywords.robot' on line 43: The '[Return]' setting is deprecated. Use the 'RETURN' statement instead.</msg>
<msg time="2026-05-20T18:46:48.262736" level="WARN">Error in file '/Users/analla/Downloads/cloudbees-new/smart-tests/issues-tracker-app/tests/robot/resources/api_keywords.robot' on line 50: The '[Return]' setting is deprecated. Use the 'RETURN' statement instead.</msg>
<msg time="2026-05-20T18:46:48.262790" level="WARN">Error in file '/Users/analla/Downloads/cloudbees-new/smart-tests/issues-tracker-app/tests/robot/resources/api_keywords.robot' on line 58: The '[Return]' setting is deprecated. Use the 'RETURN' statement instead.</msg>
<msg time="2026-05-20T18:46:48.262833" level="WARN">Error in file '/Users/analla/Downloads/cloudbees-new/smart-tests/issues-tracker-app/tests/robot/resources/api_keywords.robot' on line 71: The '[Return]' setting is deprecated. Use the 'RETURN' statement instead.</msg>
<msg time="2026-05-20T18:46:48.262875" level="WARN">Error in file '/Users/analla/Downloads/cloudbees-new/smart-tests/issues-tracker-app/tests/robot/resources/api_keywords.robot' on line 80: The '[Return]' setting is deprecated. Use the 'RETURN' statement instead.</msg>
<msg time="2026-05-20T18:46:48.262922" level="WARN">Error in file '/Users/analla/Downloads/cloudbees-new/smart-tests/issues-tracker-app/tests/robot/resources/api_keywords.robot' on line 98: The '[Return]' setting is deprecated. Use the 'RETURN' statement instead.</msg>
<msg time="2026-05-20T18:46:48.262967" level="WARN">Error in file '/Users/analla/Downloads/cloudbees-new/smart-tests/issues-tracker-app/tests/robot/resources/api_keywords.robot' on line 107: The '[Return]' setting is deprecated. Use the 'RETURN' statement instead.</msg>
<msg time="2026-05-20T18:46:48.263009" level="WARN">Error in file '/Users/analla/Downloads/cloudbees-new/smart-tests/issues-tracker-app/tests/robot/resources/api_keywords.robot' on line 116: The '[Return]' setting is deprecated. Use the 'RETURN' statement instead.</msg>
<msg time="2026-05-20T18:46:48.263089" level="WARN">Error in file '/Users/analla/Downloads/cloudbees-new/smart-tests/issues-tracker-app/tests/robot/resources/api_keywords.robot' on line 129: The '[Return]' setting is deprecated. Use the 'RETURN' statement instead.</msg>
<msg time="2026-05-20T18:46:48.263134" level="WARN">Error in file '/Users/analla/Downloads/cloudbees-new/smart-tests/issues-tracker-app/tests/robot/resources/api_keywords.robot' on line 138: The '[Return]' setting is deprecated. Use the 'RETURN' statement instead.</msg>
<msg time="2026-05-20T18:46:48.263212" level="WARN">Error in file '/Users/analla/Downloads/cloudbees-new/smart-tests/issues-tracker-app/tests/robot/resources/api_keywords.robot' on line 160: The '[Return]' setting is deprecated. Use the 'RETURN' statement instead.</msg>
<msg time="2026-05-20T18:46:48.263258" level="WARN">Error in file '/Users/analla/Downloads/cloudbees-new/smart-tests/issues-tracker-app/tests/robot/resources/api_keywords.robot' on line 169: The '[Return]' setting is deprecated. Use the 'RETURN' statement instead.</msg>
<msg time="2026-05-20T18:46:48.263301" level="WARN">Error in file '/Users/analla/Downloads/cloudbees-new/smart-tests/issues-tracker-app/tests/robot/resources/api_keywords.robot' on line 178: The '[Return]' setting is deprecated. Use the 'RETURN' statement instead.</msg>
<msg time="2026-05-20T18:46:48.263363" level="WARN">Error in file '/Users/analla/Downloads/cloudbees-new/smart-tests/issues-tracker-app/tests/robot/resources/api_keywords.robot' on line 192: The '[Return]' setting is deprecated. Use the 'RETURN' statement instead.</msg>
<msg time="2026-05-20T18:46:48.263408" level="WARN">Error in file '/Users/analla/Downloads/cloudbees-new/smart-tests/issues-tracker-app/tests/robot/resources/api_keywords.robot' on line 201: The '[Return]' setting is deprecated. Use the 'RETURN' statement instead.</msg>
<msg time="2026-05-20T18:46:48.263448" level="WARN">Error in file '/Users/analla/Downloads/cloudbees-new/smart-tests/issues-tracker-app/tests/robot/resources/api_keywords.robot' on line 218: The '[Return]' setting is deprecated. Use the 'RETURN' statement instead.</msg>
<msg time="2026-05-20T18:46:48.263482" level="WARN">Error in file '/Users/analla/Downloads/cloudbees-new/smart-tests/issues-tracker-app/tests/robot/resources/api_keywords.robot' on line 227: The '[Return]' setting is deprecated. Use the 'RETURN' statement instead.</msg>
<msg time="2026-05-20T18:46:48.263525" level="WARN">Error in file '/Users/analla/Downloads/cloudbees-new/smart-tests/issues-tracker-app/tests/robot/resources/api_keywords.robot' on line 238: The '[Return]' setting is deprecated. Use the 'RETURN' statement instead.</msg>
<msg time="2026-05-20T18:46:48.263562" level="WARN">Error in file '/Users/analla/Downloads/cloudbees-new/smart-tests/issues-tracker-app/tests/robot/resources/api_keywords.robot' on line 247: The '[Return]' setting is deprecated. Use the 'RETURN' statement instead.</msg>
<msg time="2026-05-20T18:46:48.263616" level="WARN">Error in file '/Users/analla/Downloads/cloudbees-new/smart-tests/issues-tracker-app/tests/robot/resources/api_keywords.robot' on line 264: The '[Return]' setting is deprecated. Use the 'RETURN' statement instead.</msg>
<msg time="2026-05-20T18:46:48.263659" level="WARN">Error in file '/Users/analla/Downloads/cloudbees-new/smart-tests/issues-tracker-app/tests/robot/resources/api_keywords.robot' on line 273: The '[Return]' setting is deprecated. Use the 'RETURN' statement instead.</msg>
<msg time="2026-05-20T18:46:48.263695" level="WARN">Error in file '/Users/analla/Downloads/cloudbees-new/smart-tests/issues-tracker-app/tests/robot/resources/api_keywords.robot' on line 282: The '[Return]' setting is deprecated. Use the 'RETURN' statement instead.</msg>
<msg time="2026-05-20T18:46:48.267290" level="WARN">Error in file '/Users/analla/Downloads/cloudbees-new/smart-tests/issues-tracker-app/tests/robot/resources/setup_teardown.robot' on line 33: The '[Return]' setting is deprecated. Use the 'RETURN' statement instead.</msg>
</errors>
</robot>
