<?xml version="1.0" encoding="UTF-8"?>
<robot generator="Robot 7.4.2 (Python 3.14.5 on darwin)" generated="2026-05-21T19:26:36.043597" rpa="false" schemaversion="5">
<suite id="s1" name="Robot" source="/Users/analla/Downloads/cloudbees-new/smart-tests/issues-tracker-app/tests/robot">
<suite id="s1-s1" name="Api" source="/Users/analla/Downloads/cloudbees-new/smart-tests/issues-tracker-app/tests/robot/api">
<suite id="s1-s1-s1" name="Auth" source="/Users/analla/Downloads/cloudbees-new/smart-tests/issues-tracker-app/tests/robot/api/auth.robot">
<kw name="Suite Setup For API Tests" owner="setup_teardown" type="SETUP">
<kw name="Create API Session" owner="api_keywords">
<kw name="Create Session">
<msg time="2026-05-21T19:26:36.079043" level="FAIL">No keyword with name 'Create Session' found. Did you mean:
    api_keywords.Create API Session</msg>
<arg>api</arg>
<arg>${BASE_URL}</arg>
<arg>verify=True</arg>
<status status="FAIL" start="2026-05-21T19:26:36.079030" elapsed="0.000041">No keyword with name 'Create Session' found. Did you mean:
    api_keywords.Create API Session</status>
</kw>
<doc>Create a session for API requests</doc>
<status status="FAIL" start="2026-05-21T19:26:36.078458" elapsed="0.000667">No keyword with name 'Create Session' found. Did you mean:
    api_keywords.Create API Session</status>
</kw>
<kw name="Log" owner="BuiltIn">
<arg>API session created successfully</arg>
<doc>Logs the given message with the given level.</doc>
<status status="NOT RUN" start="2026-05-21T19:26:36.079174" elapsed="0.000083"/>
</kw>
<doc>Setup for API test suites</doc>
<status status="FAIL" start="2026-05-21T19:26:36.078375" elapsed="0.000914">No keyword with name 'Create Session' found. Did you mean:
    api_keywords.Create API Session</status>
</kw>
<test id="s1-s1-s1-t1" name="Register New User Successfully" line="14">
<doc>Test successful user registration with valid data</doc>
<tag>auth</tag>
<tag>register</tag>
<tag>smoke</tag>
<status status="FAIL" start="2026-05-21T19:26:36.079317" elapsed="0.000130">Parent suite setup failed:
No keyword with name 'Create Session' found. Did you mean:
    api_keywords.Create API Session</status>
</test>
<kw name="Suite Teardown For API Tests" owner="setup_teardown" type="TEARDOWN">
<kw name="Delete API Session" owner="api_keywords">
<kw name="Delete All Sessions">
<msg time="2026-05-21T19:26:36.080213" level="FAIL">No keyword with name 'Delete All Sessions' found.</msg>
<status status="FAIL" start="2026-05-21T19:26:36.080204" elapsed="0.000021">No keyword with name 'Delete All Sessions' found.</status>
</kw>
<doc>Delete the API session</doc>
<status status="FAIL" start="2026-05-21T19:26:36.079682" elapsed="0.000564">No keyword with name 'Delete All Sessions' found.</status>
</kw>
<kw name="Log" owner="BuiltIn">
<arg>API session deleted successfully</arg>
<doc>Logs the given message with the given level.</doc>
<status status="NOT RUN" start="2026-05-21T19:26:36.080278" elapsed="0.000054"/>
</kw>
<doc>Teardown for API test suites</doc>
<status status="FAIL" start="2026-05-21T19:26:36.079629" elapsed="0.000724">No keyword with name 'Delete All Sessions' found.</status>
</kw>
<doc>Authentication API Tests
Tests for user registration, login, and token validation</doc>
<status status="FAIL" start="2026-05-21T19:26:36.061018" elapsed="0.019352">Suite setup failed:
No keyword with name 'Create Session' found. Did you mean:
    api_keywords.Create API Session

Also suite teardown failed:
No keyword with name 'Delete All Sessions' found.</status>
</suite>
<status status="FAIL" start="2026-05-21T19:26:36.060721" elapsed="0.019839"/>
</suite>
<status status="FAIL" start="2026-05-21T19:26:36.044219" elapsed="0.036469"/>
</suite>
<statistics>
<total>
<stat pass="0" fail="1" skip="0">All Tests</stat>
</total>
<tag>
<stat pass="0" fail="1" skip="0">auth</stat>
<stat pass="0" fail="1" skip="0">register</stat>
<stat pass="0" fail="1" skip="0">smoke</stat>
</tag>
<suite>
<stat name="Robot" id="s1" pass="0" fail="1" skip="0">Robot</stat>
<stat name="Api" id="s1-s1" pass="0" fail="1" skip="0">Robot.Api</stat>
<stat name="Auth" id="s1-s1-s1" pass="0" fail="1" skip="0">Robot.Api.Auth</stat>
</suite>
</statistics>
<errors>
<msg time="2026-05-21T19:26:36.037691" level="WARN">Error in file '/Users/analla/Downloads/cloudbees-new/smart-tests/issues-tracker-app/tests/robot/resources/api_keywords.robot' on line 32: The '[Return]' setting is deprecated. Use the 'RETURN' statement instead.</msg>
<msg time="2026-05-21T19:26:36.037772" level="WARN">Error in file '/Users/analla/Downloads/cloudbees-new/smart-tests/issues-tracker-app/tests/robot/resources/api_keywords.robot' on line 43: The '[Return]' setting is deprecated. Use the 'RETURN' statement instead.</msg>
<msg time="2026-05-21T19:26:36.037822" level="WARN">Error in file '/Users/analla/Downloads/cloudbees-new/smart-tests/issues-tracker-app/tests/robot/resources/api_keywords.robot' on line 50: The '[Return]' setting is deprecated. Use the 'RETURN' statement instead.</msg>
<msg time="2026-05-21T19:26:36.037864" level="WARN">Error in file '/Users/analla/Downloads/cloudbees-new/smart-tests/issues-tracker-app/tests/robot/resources/api_keywords.robot' on line 58: The '[Return]' setting is deprecated. Use the 'RETURN' statement instead.</msg>
<msg time="2026-05-21T19:26:36.037901" level="WARN">Error in file '/Users/analla/Downloads/cloudbees-new/smart-tests/issues-tracker-app/tests/robot/resources/api_keywords.robot' on line 71: The '[Return]' setting is deprecated. Use the 'RETURN' statement instead.</msg>
<msg time="2026-05-21T19:26:36.037939" level="WARN">Error in file '/Users/analla/Downloads/cloudbees-new/smart-tests/issues-tracker-app/tests/robot/resources/api_keywords.robot' on line 80: The '[Return]' setting is deprecated. Use the 'RETURN' statement instead.</msg>
<msg time="2026-05-21T19:26:36.037984" level="WARN">Error in file '/Users/analla/Downloads/cloudbees-new/smart-tests/issues-tracker-app/tests/robot/resources/api_keywords.robot' on line 98: The '[Return]' setting is deprecated. Use the 'RETURN' statement instead.</msg>
<msg time="2026-05-21T19:26:36.038023" level="WARN">Error in file '/Users/analla/Downloads/cloudbees-new/smart-tests/issues-tracker-app/tests/robot/resources/api_keywords.robot' on line 107: The '[Return]' setting is deprecated. Use the 'RETURN' statement instead.</msg>
<msg time="2026-05-21T19:26:36.038058" level="WARN">Error in file '/Users/analla/Downloads/cloudbees-new/smart-tests/issues-tracker-app/tests/robot/resources/api_keywords.robot' on line 116: The '[Return]' setting is deprecated. Use the 'RETURN' statement instead.</msg>
<msg time="2026-05-21T19:26:36.038116" level="WARN">Error in file '/Users/analla/Downloads/cloudbees-new/smart-tests/issues-tracker-app/tests/robot/resources/api_keywords.robot' on line 129: The '[Return]' setting is deprecated. Use the 'RETURN' statement instead.</msg>
<msg time="2026-05-21T19:26:36.038154" level="WARN">Error in file '/Users/analla/Downloads/cloudbees-new/smart-tests/issues-tracker-app/tests/robot/resources/api_keywords.robot' on line 138: The '[Return]' setting is deprecated. Use the 'RETURN' statement instead.</msg>
<msg time="2026-05-21T19:26:36.038225" level="WARN">Error in file '/Users/analla/Downloads/cloudbees-new/smart-tests/issues-tracker-app/tests/robot/resources/api_keywords.robot' on line 160: The '[Return]' setting is deprecated. Use the 'RETURN' statement instead.</msg>
<msg time="2026-05-21T19:26:36.038260" level="WARN">Error in file '/Users/analla/Downloads/cloudbees-new/smart-tests/issues-tracker-app/tests/robot/resources/api_keywords.robot' on line 169: The '[Return]' setting is deprecated. Use the 'RETURN' statement instead.</msg>
<msg time="2026-05-21T19:26:36.038291" level="WARN">Error in file '/Users/analla/Downloads/cloudbees-new/smart-tests/issues-tracker-app/tests/robot/resources/api_keywords.robot' on line 178: The '[Return]' setting is deprecated. Use the 'RETURN' statement instead.</msg>
<msg time="2026-05-21T19:26:36.038347" level="WARN">Error in file '/Users/analla/Downloads/cloudbees-new/smart-tests/issues-tracker-app/tests/robot/resources/api_keywords.robot' on line 192: The '[Return]' setting is deprecated. Use the 'RETURN' statement instead.</msg>
<msg time="2026-05-21T19:26:36.038384" level="WARN">Error in file '/Users/analla/Downloads/cloudbees-new/smart-tests/issues-tracker-app/tests/robot/resources/api_keywords.robot' on line 201: The '[Return]' setting is deprecated. Use the 'RETURN' statement instead.</msg>
<msg time="2026-05-21T19:26:36.038419" level="WARN">Error in file '/Users/analla/Downloads/cloudbees-new/smart-tests/issues-tracker-app/tests/robot/resources/api_keywords.robot' on line 218: The '[Return]' setting is deprecated. Use the 'RETURN' statement instead.</msg>
<msg time="2026-05-21T19:26:36.038451" level="WARN">Error in file '/Users/analla/Downloads/cloudbees-new/smart-tests/issues-tracker-app/tests/robot/resources/api_keywords.robot' on line 227: The '[Return]' setting is deprecated. Use the 'RETURN' statement instead.</msg>
<msg time="2026-05-21T19:26:36.038486" level="WARN">Error in file '/Users/analla/Downloads/cloudbees-new/smart-tests/issues-tracker-app/tests/robot/resources/api_keywords.robot' on line 238: The '[Return]' setting is deprecated. Use the 'RETURN' statement instead.</msg>
<msg time="2026-05-21T19:26:36.038518" level="WARN">Error in file '/Users/analla/Downloads/cloudbees-new/smart-tests/issues-tracker-app/tests/robot/resources/api_keywords.robot' on line 247: The '[Return]' setting is deprecated. Use the 'RETURN' statement instead.</msg>
<msg time="2026-05-21T19:26:36.038558" level="WARN">Error in file '/Users/analla/Downloads/cloudbees-new/smart-tests/issues-tracker-app/tests/robot/resources/api_keywords.robot' on line 264: The '[Return]' setting is deprecated. Use the 'RETURN' statement instead.</msg>
<msg time="2026-05-21T19:26:36.038591" level="WARN">Error in file '/Users/analla/Downloads/cloudbees-new/smart-tests/issues-tracker-app/tests/robot/resources/api_keywords.robot' on line 273: The '[Return]' setting is deprecated. Use the 'RETURN' statement instead.</msg>
<msg time="2026-05-21T19:26:36.038624" level="WARN">Error in file '/Users/analla/Downloads/cloudbees-new/smart-tests/issues-tracker-app/tests/robot/resources/api_keywords.robot' on line 282: The '[Return]' setting is deprecated. Use the 'RETURN' statement instead.</msg>
<msg time="2026-05-21T19:26:36.039328" level="WARN">Error in file '/Users/analla/Downloads/cloudbees-new/smart-tests/issues-tracker-app/tests/robot/resources/setup_teardown.robot' on line 33: The '[Return]' setting is deprecated. Use the 'RETURN' statement instead.</msg>
<msg time="2026-05-21T19:26:36.062196" level="ERROR">Error in file '/Users/analla/Downloads/cloudbees-new/smart-tests/issues-tracker-app/tests/robot/api/auth.robot' on line 4: Importing library 'RequestsLibrary' failed: ModuleNotFoundError: No module named 'RequestsLibrary'
Traceback (most recent call last):
  None
PYTHONPATH:
  /opt/homebrew/Cellar/robot-framework/7.4.2_1/libexec/bin
  /opt/homebrew/Cellar/python@3.14/3.14.5/Frameworks/Python.framework/Versions/3.14/lib/python314.zip
  /opt/homebrew/Cellar/python@3.14/3.14.5/Frameworks/Python.framework/Versions/3.14/lib/python3.14
  /opt/homebrew/Cellar/python@3.14/3.14.5/Frameworks/Python.framework/Versions/3.14/lib/python3.14/lib-dynload
  /opt/homebrew/Cellar/robot-framework/7.4.2_1/libexec/lib/python3.14/site-packages
  /opt/homebrew/opt/certifi/lib/python3.14/site-packages
  /opt/homebrew/opt/cryptography/lib/python3.14/site-packages
  /opt/homebrew/opt/cffi/lib/python3.14/site-packages
  /opt/homebrew/opt/pycparser/lib/python3.14/site-packages
  /opt/homebrew/lib/python3.14/site-packages</msg>
<msg time="2026-05-21T19:26:36.067516" level="WARN">Error in file '/Users/analla/Downloads/cloudbees-new/smart-tests/issues-tracker-app/tests/robot/resources/api_keywords.robot' on line 32: The '[Return]' setting is deprecated. Use the 'RETURN' statement instead.</msg>
<msg time="2026-05-21T19:26:36.067565" level="WARN">Error in file '/Users/analla/Downloads/cloudbees-new/smart-tests/issues-tracker-app/tests/robot/resources/api_keywords.robot' on line 43: The '[Return]' setting is deprecated. Use the 'RETURN' statement instead.</msg>
<msg time="2026-05-21T19:26:36.067603" level="WARN">Error in file '/Users/analla/Downloads/cloudbees-new/smart-tests/issues-tracker-app/tests/robot/resources/api_keywords.robot' on line 50: The '[Return]' setting is deprecated. Use the 'RETURN' statement instead.</msg>
<msg time="2026-05-21T19:26:36.067645" level="WARN">Error in file '/Users/analla/Downloads/cloudbees-new/smart-tests/issues-tracker-app/tests/robot/resources/api_keywords.robot' on line 58: The '[Return]' setting is deprecated. Use the 'RETURN' statement instead.</msg>
<msg time="2026-05-21T19:26:36.067679" level="WARN">Error in file '/Users/analla/Downloads/cloudbees-new/smart-tests/issues-tracker-app/tests/robot/resources/api_keywords.robot' on line 71: The '[Return]' setting is deprecated. Use the 'RETURN' statement instead.</msg>
<msg time="2026-05-21T19:26:36.067712" level="WARN">Error in file '/Users/analla/Downloads/cloudbees-new/smart-tests/issues-tracker-app/tests/robot/resources/api_keywords.robot' on line 80: The '[Return]' setting is deprecated. Use the 'RETURN' statement instead.</msg>
<msg time="2026-05-21T19:26:36.067753" level="WARN">Error in file '/Users/analla/Downloads/cloudbees-new/smart-tests/issues-tracker-app/tests/robot/resources/api_keywords.robot' on line 98: The '[Return]' setting is deprecated. Use the 'RETURN' statement instead.</msg>
<msg time="2026-05-21T19:26:36.067789" level="WARN">Error in file '/Users/analla/Downloads/cloudbees-new/smart-tests/issues-tracker-app/tests/robot/resources/api_keywords.robot' on line 107: The '[Return]' setting is deprecated. Use the 'RETURN' statement instead.</msg>
<msg time="2026-05-21T19:26:36.067819" level="WARN">Error in file '/Users/analla/Downloads/cloudbees-new/smart-tests/issues-tracker-app/tests/robot/resources/api_keywords.robot' on line 116: The '[Return]' setting is deprecated. Use the 'RETURN' statement instead.</msg>
<msg time="2026-05-21T19:26:36.067877" level="WARN">Error in file '/Users/analla/Downloads/cloudbees-new/smart-tests/issues-tracker-app/tests/robot/resources/api_keywords.robot' on line 129: The '[Return]' setting is deprecated. Use the 'RETURN' statement instead.</msg>
<msg time="2026-05-21T19:26:36.067913" level="WARN">Error in file '/Users/analla/Downloads/cloudbees-new/smart-tests/issues-tracker-app/tests/robot/resources/api_keywords.robot' on line 138: The '[Return]' setting is deprecated. Use the 'RETURN' statement instead.</msg>
<msg time="2026-05-21T19:26:36.067983" level="WARN">Error in file '/Users/analla/Downloads/cloudbees-new/smart-tests/issues-tracker-app/tests/robot/resources/api_keywords.robot' on line 160: The '[Return]' setting is deprecated. Use the 'RETURN' statement instead.</msg>
<msg time="2026-05-21T19:26:36.068019" level="WARN">Error in file '/Users/analla/Downloads/cloudbees-new/smart-tests/issues-tracker-app/tests/robot/resources/api_keywords.robot' on line 169: The '[Return]' setting is deprecated. Use the 'RETURN' statement instead.</msg>
<msg time="2026-05-21T19:26:36.068051" level="WARN">Error in file '/Users/analla/Downloads/cloudbees-new/smart-tests/issues-tracker-app/tests/robot/resources/api_keywords.robot' on line 178: The '[Return]' setting is deprecated. Use the 'RETURN' statement instead.</msg>
<msg time="2026-05-21T19:26:36.068108" level="WARN">Error in file '/Users/analla/Downloads/cloudbees-new/smart-tests/issues-tracker-app/tests/robot/resources/api_keywords.robot' on line 192: The '[Return]' setting is deprecated. Use the 'RETURN' statement instead.</msg>
<msg time="2026-05-21T19:26:36.068144" level="WARN">Error in file '/Users/analla/Downloads/cloudbees-new/smart-tests/issues-tracker-app/tests/robot/resources/api_keywords.robot' on line 201: The '[Return]' setting is deprecated. Use the 'RETURN' statement instead.</msg>
<msg time="2026-05-21T19:26:36.068185" level="WARN">Error in file '/Users/analla/Downloads/cloudbees-new/smart-tests/issues-tracker-app/tests/robot/resources/api_keywords.robot' on line 218: The '[Return]' setting is deprecated. Use the 'RETURN' statement instead.</msg>
<msg time="2026-05-21T19:26:36.068219" level="WARN">Error in file '/Users/analla/Downloads/cloudbees-new/smart-tests/issues-tracker-app/tests/robot/resources/api_keywords.robot' on line 227: The '[Return]' setting is deprecated. Use the 'RETURN' statement instead.</msg>
<msg time="2026-05-21T19:26:36.068258" level="WARN">Error in file '/Users/analla/Downloads/cloudbees-new/smart-tests/issues-tracker-app/tests/robot/resources/api_keywords.robot' on line 238: The '[Return]' setting is deprecated. Use the 'RETURN' statement instead.</msg>
<msg time="2026-05-21T19:26:36.068291" level="WARN">Error in file '/Users/analla/Downloads/cloudbees-new/smart-tests/issues-tracker-app/tests/robot/resources/api_keywords.robot' on line 247: The '[Return]' setting is deprecated. Use the 'RETURN' statement instead.</msg>
<msg time="2026-05-21T19:26:36.068330" level="WARN">Error in file '/Users/analla/Downloads/cloudbees-new/smart-tests/issues-tracker-app/tests/robot/resources/api_keywords.robot' on line 264: The '[Return]' setting is deprecated. Use the 'RETURN' statement instead.</msg>
<msg time="2026-05-21T19:26:36.068362" level="WARN">Error in file '/Users/analla/Downloads/cloudbees-new/smart-tests/issues-tracker-app/tests/robot/resources/api_keywords.robot' on line 273: The '[Return]' setting is deprecated. Use the 'RETURN' statement instead.</msg>
<msg time="2026-05-21T19:26:36.068403" level="WARN">Error in file '/Users/analla/Downloads/cloudbees-new/smart-tests/issues-tracker-app/tests/robot/resources/api_keywords.robot' on line 282: The '[Return]' setting is deprecated. Use the 'RETURN' statement instead.</msg>
<msg time="2026-05-21T19:26:36.069425" level="ERROR">Error in file '/Users/analla/Downloads/cloudbees-new/smart-tests/issues-tracker-app/tests/robot/resources/api_keywords.robot' on line 3: Importing library 'RequestsLibrary' failed: ModuleNotFoundError: No module named 'RequestsLibrary'
Traceback (most recent call last):
  None
PYTHONPATH:
  /opt/homebrew/Cellar/robot-framework/7.4.2_1/libexec/bin
  /opt/homebrew/Cellar/python@3.14/3.14.5/Frameworks/Python.framework/Versions/3.14/lib/python314.zip
  /opt/homebrew/Cellar/python@3.14/3.14.5/Frameworks/Python.framework/Versions/3.14/lib/python3.14
  /opt/homebrew/Cellar/python@3.14/3.14.5/Frameworks/Python.framework/Versions/3.14/lib/python3.14/lib-dynload
  /opt/homebrew/Cellar/robot-framework/7.4.2_1/libexec/lib/python3.14/site-packages
  /opt/homebrew/opt/certifi/lib/python3.14/site-packages
  /opt/homebrew/opt/cryptography/lib/python3.14/site-packages
  /opt/homebrew/opt/cffi/lib/python3.14/site-packages
  /opt/homebrew/opt/pycparser/lib/python3.14/site-packages
  /opt/homebrew/lib/python3.14/site-packages</msg>
<msg time="2026-05-21T19:26:36.073391" level="WARN">Error in file '/Users/analla/Downloads/cloudbees-new/smart-tests/issues-tracker-app/tests/robot/resources/setup_teardown.robot' on line 33: The '[Return]' setting is deprecated. Use the 'RETURN' statement instead.</msg>
<msg time="2026-05-21T19:26:36.074310" level="ERROR">Error in file '/Users/analla/Downloads/cloudbees-new/smart-tests/issues-tracker-app/tests/robot/resources/setup_teardown.robot' on line 3: Importing library 'RequestsLibrary' failed: ModuleNotFoundError: No module named 'RequestsLibrary'
Traceback (most recent call last):
  None
PYTHONPATH:
  /opt/homebrew/Cellar/robot-framework/7.4.2_1/libexec/bin
  /opt/homebrew/Cellar/python@3.14/3.14.5/Frameworks/Python.framework/Versions/3.14/lib/python314.zip
  /opt/homebrew/Cellar/python@3.14/3.14.5/Frameworks/Python.framework/Versions/3.14/lib/python3.14
  /opt/homebrew/Cellar/python@3.14/3.14.5/Frameworks/Python.framework/Versions/3.14/lib/python3.14/lib-dynload
  /opt/homebrew/Cellar/robot-framework/7.4.2_1/libexec/lib/python3.14/site-packages
  /opt/homebrew/opt/certifi/lib/python3.14/site-packages
  /opt/homebrew/opt/cryptography/lib/python3.14/site-packages
  /opt/homebrew/opt/cffi/lib/python3.14/site-packages
  /opt/homebrew/opt/pycparser/lib/python3.14/site-packages
  /opt/homebrew/lib/python3.14/site-packages</msg>
</errors>
</robot>
